src/app/dashboard/admin/users/page.tsx(31,30): error TS2322: Type '{ email: string; id: string; created_at: Date; role: string | null; full_name: string | null; avatar_url: string | null; }[]' is not assignable to type 'User[]'.
  Type '{ email: string; id: string; created_at: Date; role: string | null; full_name: string | null; avatar_url: string | null; }' is not assignable to type 'User'.
    Types of property 'full_name' are incompatible.
      Type 'string | null' is not assignable to type 'string'.
        Type 'null' is not assignable to type 'string'.
src/app/dashboard/advanced/page.tsx(108,30): error TS2352: Conversion of type '{ historical: { month: string; revenue: number; }[]; forecasts: never[]; avgMonthly: number; }' to type 'ForecastData' may be a mistake because neither type sufficiently overlaps with the other. If this was intentional, convert the expression to 'unknown' first.
  Property 'trendPercentage' is missing in type '{ historical: { month: string; revenue: number; }[]; forecasts: never[]; avgMonthly: number; }' but required in type 'ForecastData'.
src/app/dashboard/catastro/page.tsx(58,19): error TS2345: Argument of type 'CatastroResult' is not assignable to parameter of type 'SetStateAction<CadastralResult | null>'.
  Type 'CatastroResult' is not assignable to type 'CadastralResult'.
    Types of property 'match_type' are incompatible.
      Type 'string | undefined' is not assignable to type '"exact" | "approximate" | "proximity_spiral" | undefined'.
        Type 'string' is not assignable to type '"exact" | "approximate" | "proximity_spiral" | undefined'.
src/app/dashboard/catastro/page.tsx(75,19): error TS2345: Argument of type 'CatastroResult' is not assignable to parameter of type 'SetStateAction<CadastralResult | null>'.
  Type 'CatastroResult' is not assignable to type 'CadastralResult'.
    Types of property 'match_type' are incompatible.
      Type 'string | undefined' is not assignable to type '"exact" | "approximate" | "proximity_spiral" | undefined'.
        Type 'string' is not assignable to type '"exact" | "approximate" | "proximity_spiral" | undefined'.
src/app/dashboard/crm/clients/[id]/page.tsx(1,10): error TS2724: '"@/lib/actions/customers"' has no exported member named 'getCustomer'. Did you mean 'getCustomers'?
src/app/dashboard/crm/clients/[id]/page.tsx(67,59): error TS2339: Property 'city' does not exist on type 'string'.
src/app/dashboard/crm/clients/[id]/page.tsx(67,81): error TS2339: Property 'province' does not exist on type 'string'.
src/app/dashboard/crm/clients/[id]/page.tsx(67,107): error TS2339: Property 'country' does not exist on type 'string'.
src/app/dashboard/crm/opportunities/page.tsx(6,34): error TS2339: Property 'error' does not exist on type '{ success: boolean; data: never[]; }'.
src/app/dashboard/customers/[id]/edit/page.tsx(51,39): error TS2739: Type '{ id: string; organization_id: string | null; created_by: string | null; name: string; email: string | null; phone: string | null; nif: string | null; address: string | null; city: string | null; ... 8 more ...; updated_at: Date; }' is missing the following properties from type 'Customer': company, tax_id
src/app/dashboard/customers/page.tsx(63,30): error TS2322: Type '{ id: string; organization_id: string | null; created_by: string | null; name: string; email: string | null; phone: string | null; nif: string | null; address: string | null; city: string | null; ... 8 more ...; updated_at: Date; }[]' is not assignable to type 'Customer[]'.
  Property 'full_name' is missing in type '{ id: string; organization_id: string | null; created_by: string | null; name: string; email: string | null; phone: string | null; nif: string | null; address: string | null; city: string | null; ... 8 more ...; updated_at: Date; }' but required in type 'Customer'.
src/app/dashboard/invoices/[id]/page.tsx(48,40): error TS2345: Argument of type '{}' is not assignable to parameter of type 'string'.
src/app/dashboard/invoices/[id]/page.tsx(49,48): error TS2345: Argument of type '{}' is not assignable to parameter of type 'string'.
src/app/dashboard/invoices/[id]/page.tsx(64,37): error TS2322: Type 'unknown' is not assignable to type 'ReactNode'.
src/app/dashboard/invoices/[id]/page.tsx(67,52): error TS2345: Argument of type 'unknown' is not assignable to parameter of type 'string | Date'.
src/app/dashboard/invoices/[id]/page.tsx(94,34): error TS2322: Type 'unknown' is not assignable to type 'string'.
src/app/dashboard/invoices/[id]/page.tsx(109,60): error TS2322: Type 'unknown' is not assignable to type 'ReactNode'.
src/app/dashboard/invoices/[id]/page.tsx(110,75): error TS2322: Type 'unknown' is not assignable to type 'ReactNode'.
src/app/dashboard/invoices/[id]/page.tsx(111,33): error TS2322: Type 'unknown' is not assignable to type 'ReactNode'.
src/app/dashboard/invoices/[id]/page.tsx(112,74): error TS2322: Type '{}' is not assignable to type 'ReactNode'.
src/app/dashboard/invoices/[id]/page.tsx(114,33): error TS2322: Type 'unknown' is not assignable to type 'ReactNode'.
src/app/dashboard/invoices/[id]/page.tsx(116,41): error TS2322: Type 'unknown' is not assignable to type 'ReactNode'.
src/app/dashboard/invoices/[id]/page.tsx(116,72): error TS2322: Type '{}' is not assignable to type 'ReactNode'.
src/app/dashboard/invoices/[id]/page.tsx(119,33): error TS2322: Type 'unknown' is not assignable to type 'ReactNode'.
src/app/dashboard/invoices/[id]/page.tsx(120,74): error TS2322: Type '{}' is not assignable to type 'ReactNode'.
src/app/dashboard/invoices/[id]/page.tsx(131,68): error TS2345: Argument of type 'unknown' is not assignable to parameter of type 'string | Date'.
src/app/dashboard/invoices/[id]/page.tsx(133,29): error TS2322: Type 'unknown' is not assignable to type 'ReactNode'.
src/app/dashboard/invoices/[id]/page.tsx(136,72): error TS2345: Argument of type '{}' is not assignable to parameter of type 'string | Date'.
src/app/dashboard/invoices/[id]/page.tsx(143,25): error TS2322: Type 'unknown' is not assignable to type 'ReactNode'.
src/app/dashboard/invoices/[id]/page.tsx(158,57): error TS2339: Property 'map' does not exist on type '{}'.
src/app/dashboard/invoices/[id]/page.tsx(179,44): error TS18046: 'invoice.subtotal' is of type 'unknown'.
src/app/dashboard/invoices/[id]/page.tsx(183,44): error TS18046: 'invoice.tax_amount' is of type 'unknown'.
src/app/dashboard/invoices/[id]/page.tsx(188,44): error TS18046: 'invoice.total' is of type 'unknown'.
src/app/dashboard/invoices/[id]/page.tsx(194,79): error TS2339: Property 'toFixed' does not exist on type '{}'.
src/app/dashboard/invoices/[id]/page.tsx(211,82): error TS2322: Type '{}' is not assignable to type 'ReactNode'.
src/app/dashboard/invoices/[id]/page.tsx(221,21): error TS2322: Type 'unknown' is not assignable to type 'ReactNode'.
src/app/dashboard/invoices/[id]/page.tsx(227,29): error TS2322: Type 'unknown' is not assignable to type 'ReactNode'.
src/app/dashboard/invoices/[id]/page.tsx(230,41): error TS2322: Type '{}' is not assignable to type 'string | Blob | undefined'.
src/app/dashboard/invoices/[id]/page.tsx(238,96): error TS2339: Property 'substring' does not exist on type '{}'.
src/app/dashboard/invoices/[id]/page.tsx(240,33): error TS2322: Type 'unknown' is not assignable to type 'ReactNode'.
src/app/dashboard/invoices/[id]/page.tsx(242,78): error TS2322: Type '{}' is not assignable to type 'ReactNode'.
src/app/dashboard/invoices/[id]/page.tsx(250,59): error TS2339: Property 'length' does not exist on type '{}'.
src/app/dashboard/invoices/[id]/page.tsx(257,55): error TS2339: Property 'map' does not exist on type '{}'.
src/app/dashboard/invoices/page.tsx(90,36): error TS2322: Type 'InvoiceForCleaning[]' is not assignable to type 'Invoice[]'.
  Type 'InvoiceForCleaning' is missing the following properties from type 'Invoice': id, invoice_number, status, payment_status, and 4 more.
src/app/dashboard/leads/[id]/edit/page.tsx(48,35): error TS2739: Type '{ id: string; name: string; email: string; phone: string; company: string; source: string; status: string; estimated_value: number; notes: string; }' is missing the following properties from type '{ id: string; organization_id: string; name: string; email: string | null; phone: string | null; company: string | null; source: string | null; status: string; estimated_value: Decimal | null; notes: string | null; assigned_to: string | null; created_at: Date; updated_at: Date; }': organization_id, assigned_to, created_at, updated_at
src/app/dashboard/page.tsx(261,21): error TS2322: Type '{ updated_at: Date; id: string; organization_id: string | null; client_id: string | null; name: string; description: string | null; installation_type: string | null; status: string | null; ... 24 more ...; created_at: Date; }[]' is not assignable to type 'Project[]'.
  Type '{ updated_at: Date; id: string; organization_id: string | null; client_id: string | null; name: string; description: string | null; installation_type: string | null; status: string | null; ... 24 more ...; created_at: Date; }' is not assignable to type 'Project'.
    Types of property 'status' are incompatible.
      Type 'string | null' is not assignable to type 'string'.
        Type 'null' is not assignable to type 'string'.
src/app/dashboard/projects/[id]/edit/page.tsx(58,38): error TS2739: Type '{ id: string; organization_id: string | null; client_id: string | null; name: string; description: string | null; installation_type: string | null; status: string | null; system_size_kwp: Decimal | null; ... 24 more ...; updated_at: Date; }' is missing the following properties from type 'Project': customer_id, notes
src/app/dashboard/projects/[id]/edit/page.tsx(58,56): error TS2322: Type '{ id: string; name: string; }[]' is not assignable to type 'Customer[]'.
  Property 'company' is missing in type '{ id: string; name: string; }' but required in type 'Customer'.
src/app/dashboard/sales/[id]/page.tsx(133,47): error TS2740: Type '{ id: string; customer_name: string; sale_number: string; dni: string; customer_phone: string; customer_email: string; amount: number; material: string; payment_20_status: string; documentation_status: string; engineering_status: string; process_status: string; installation_status: string; documentation_notes: strin...' is missing the following properties from type 'Sale': organization_id, customer_id, sale_date, access_code, and 13 more.
src/app/dashboard/sales/[id]/page.tsx(146,49): error TS2740: Type '{ id: string; customer_name: string; sale_number: string; dni: string; customer_phone: string; customer_email: string; amount: number; material: string; payment_20_status: string; documentation_status: string; engineering_status: string; process_status: string; installation_status: string; documentation_notes: strin...' is missing the following properties from type 'Sale': organization_id, customer_id, sale_date, access_code, and 13 more.
src/components/auth/RoleGuard.tsx(3,25): error TS2307: Cannot find module '@/lib/auth/useUser' or its corresponding type declarations.
src/components/auth/RoleGuard.tsx(6,25): error TS2307: Cannot find module '@/types/auth' or its corresponding type declarations.
src/components/billing/promo-code-form.tsx(26,24): error TS2339: Property 'success' does not exist on type '{ error: string; }'.
src/components/billing/promo-code-form.tsx(27,38): error TS2339: Property 'message' does not exist on type '{ error: string; }'.
src/components/billing/upgrade-prompt.tsx(14,10): error TS2305: Module '"@/lib/actions/subscriptions"' has no exported member 'createProUpgradeCheckout'.
src/components/calculator/solar-calculator-premium.tsx(245,44): error TS2339: Property 'gross_cost' does not exist on type 'ROICalculation'.
src/components/calculator/solar-calculator-premium.tsx(703,61): error TS2322: Type '{ subsidies: any[]; }' is not assignable to type 'IntrinsicAttributes & SubsidiesPanelProps'.
  Property 'subsidies' does not exist on type 'IntrinsicAttributes & SubsidiesPanelProps'.
src/components/calculator/solar-calculator.tsx(586,44): error TS2339: Property 'error' does not exist on type 'Buffer<ArrayBufferLike> | { error: string; }'.
  Property 'error' does not exist on type 'Buffer<ArrayBufferLike>'.
src/components/calculator/solar-calculator.tsx(587,56): error TS2339: Property 'error' does not exist on type 'Buffer<ArrayBufferLike> | { error: string; }'.
  Property 'error' does not exist on type 'Buffer<ArrayBufferLike>'.
src/components/calculator/solar-calculator.tsx(591,56): error TS2339: Property 'url' does not exist on type 'Buffer<ArrayBufferLike> | { error: string; }'.
  Property 'url' does not exist on type 'Buffer<ArrayBufferLike>'.
src/components/calculator/subsidies-panel.tsx(193,26): error TS18048: 'calculation.total_subsidies' is possibly 'undefined'.
src/components/calculator/subsidies-panel.tsx(204,38): error TS18048: 'calculation.total_subsidies' is possibly 'undefined'.
src/components/crm/opportunities-list.tsx(57,46): error TS2304: Cannot find name 'getStatusColor'.
src/components/customers/clients-data-grid.tsx(299,33): error TS2345: Argument of type '(prev: Customer[]) => (Customer | Customer)[]' is not assignable to parameter of type 'SetStateAction<Customer[]>'.
  Type '(prev: Customer[]) => (Customer | Customer)[]' is not assignable to type '(prevState: Customer[]) => Customer[]'.
    Type '(Customer | Customer)[]' is not assignable to type 'Customer[]'.
      Type 'Customer | Customer' is not assignable to type 'Customer'.
        Property 'created_at' is missing in type 'Customer' but required in type 'Customer'.
src/components/customers/clients-data-grid.tsx(311,33): error TS2345: Argument of type '(prev: Customer[]) => (Customer | Customer)[]' is not assignable to parameter of type 'SetStateAction<Customer[]>'.
  Type '(prev: Customer[]) => (Customer | Customer)[]' is not assignable to type '(prevState: Customer[]) => Customer[]'.
    Type '(Customer | Customer)[]' is not assignable to type 'Customer[]'.
      Type 'Customer | Customer' is not assignable to type 'Customer'.
        Property 'created_at' is missing in type 'Customer' but required in type 'Customer'.
src/components/dashboard/customers-table.tsx(77,54): error TS2339: Property 'company' does not exist on type '{ id: string; organization_id: string | null; created_by: string | null; name: string; email: string | null; phone: string | null; nif: string | null; address: string | null; city: string | null; ... 8 more ...; updated_at: Date; }'.
src/components/dashboard/customers-table.tsx(104,54): error TS2339: Property 'tax_id' does not exist on type '{ id: string; organization_id: string | null; created_by: string | null; name: string; email: string | null; phone: string | null; nif: string | null; address: string | null; city: string | null; ... 8 more ...; updated_at: Date; }'.
src/components/dashboard/leads-table.tsx(115,40): error TS2304: Cannot find name 'sortField'.
src/components/dashboard/leads-table.tsx(115,64): error TS2304: Cannot find name 'sortOrder'.
src/components/dashboard/leads-table.tsx(127,40): error TS2304: Cannot find name 'sortField'.
src/components/dashboard/leads-table.tsx(127,66): error TS2304: Cannot find name 'sortOrder'.
src/components/dashboard/leads-table.tsx(137,40): error TS2304: Cannot find name 'sortField'.
src/components/dashboard/leads-table.tsx(137,75): error TS2304: Cannot find name 'sortOrder'.
src/components/finance/ledger/new-entry-form.tsx(33,9): error TS2322: Type 'Resolver<{ date: string; description: string; lines: { accountId: string; debit?: unknown; credit?: unknown; description?: string | undefined; }[]; reference?: string | undefined; }, any, { date: string; description: string; lines: { ...; }[]; reference?: string | undefined; }>' is not assignable to type 'Resolver<{ date: string; description: string; lines: { accountId: string; debit: number; credit: number; description?: string | undefined; }[]; reference?: string | undefined; }, any, { date: string; description: string; lines: { ...; }[]; reference?: string | undefined; }>'.
  Types of parameters 'options' and 'options' are incompatible.
    Type 'ResolverOptions<{ date: string; description: string; lines: { accountId: string; debit: number; credit: number; description?: string | undefined; }[]; reference?: string | undefined; }>' is not assignable to type 'ResolverOptions<{ date: string; description: string; lines: { accountId: string; debit?: unknown; credit?: unknown; description?: string | undefined; }[]; reference?: string | undefined; }>'.
      Type '{ accountId: string; debit?: unknown; credit?: unknown; description?: string | undefined; }[]' is not assignable to type '{ accountId: string; debit: number; credit: number; description?: string | undefined; }[]'.
        Type '{ accountId: string; debit?: unknown; credit?: unknown; description?: string | undefined; }' is not assignable to type '{ accountId: string; debit: number; credit: number; description?: string | undefined; }'.
          Types of property 'debit' are incompatible.
            Type 'unknown' is not assignable to type 'number'.
src/components/finance/ledger/new-entry-form.tsx(86,47): error TS2345: Argument of type '(data: { date: string; description: string; lines: { accountId: string; debit: number; credit: number; description?: string | undefined; }[]; reference?: string | undefined; }) => Promise<void>' is not assignable to parameter of type 'SubmitHandler<TFieldValues>'.
  Types of parameters 'data' and 'data' are incompatible.
    Type 'TFieldValues' is not assignable to type '{ date: string; description: string; lines: { accountId: string; debit: number; credit: number; description?: string | undefined; }[]; reference?: string | undefined; }'.
      Type 'FieldValues' is missing the following properties from type '{ date: string; description: string; lines: { accountId: string; debit: number; credit: number; description?: string | undefined; }[]; reference?: string | undefined; }': date, description, lines
src/components/finance/ledger/new-entry-form.tsx(89,25): error TS2322: Type 'Control<{ date: string; description: string; lines: { accountId: string; debit: number; credit: number; description?: string | undefined; }[]; reference?: string | undefined; }, any, TFieldValues>' is not assignable to type 'Control<{ date: string; description: string; lines: { accountId: string; debit: number; credit: number; description?: string | undefined; }[]; reference?: string | undefined; }, any, { date: string; description: string; lines: { ...; }[]; reference?: string | undefined; }>'.
  The types of '_options.resolver' are incompatible between these types.
    Type 'Resolver<{ date: string; description: string; lines: { accountId: string; debit: number; credit: number; description?: string | undefined; }[]; reference?: string | undefined; }, any, TFieldValues> | undefined' is not assignable to type 'Resolver<{ date: string; description: string; lines: { accountId: string; debit: number; credit: number; description?: string | undefined; }[]; reference?: string | undefined; }, any, { date: string; description: string; lines: { ...; }[]; reference?: string | undefined; }> | undefined'.
      Type 'Resolver<{ date: string; description: string; lines: { accountId: string; debit: number; credit: number; description?: string | undefined; }[]; reference?: string | undefined; }, any, TFieldValues>' is not assignable to type 'Resolver<{ date: string; description: string; lines: { accountId: string; debit: number; credit: number; description?: string | undefined; }[]; reference?: string | undefined; }, any, { date: string; description: string; lines: { ...; }[]; reference?: string | undefined; }>'.
        Type 'ResolverResult<{ date: string; description: string; lines: { accountId: string; debit: number; credit: number; description?: string | undefined; }[]; reference?: string | undefined; }, TFieldValues> | Promise<...>' is not assignable to type 'ResolverResult<{ date: string; description: string; lines: { accountId: string; debit: number; credit: number; description?: string | undefined; }[]; reference?: string | undefined; }, { date: string; description: string; lines: { ...; }[]; reference?: string | undefined; }> | Promise<...>'.
          Type 'ResolverSuccess<TFieldValues>' is not assignable to type 'ResolverResult<{ date: string; description: string; lines: { accountId: string; debit: number; credit: number; description?: string | undefined; }[]; reference?: string | undefined; }, { date: string; description: string; lines: { ...; }[]; reference?: string | undefined; }> | Promise<...>'.
            Type 'ResolverSuccess<TFieldValues>' is not assignable to type 'ResolverSuccess<{ date: string; description: string; lines: { accountId: string; debit: number; credit: number; description?: string | undefined; }[]; reference?: string | undefined; }>'.
              Type 'TFieldValues' is not assignable to type '{ date: string; description: string; lines: { accountId: string; debit: number; credit: number; description?: string | undefined; }[]; reference?: string | undefined; }'.
                Type 'FieldValues' is missing the following properties from type '{ date: string; description: string; lines: { accountId: string; debit: number; credit: number; description?: string | undefined; }[]; reference?: string | undefined; }': date, description, lines
src/components/finance/ledger/new-entry-form.tsx(102,25): error TS2322: Type 'Control<{ date: string; description: string; lines: { accountId: string; debit: number; credit: number; description?: string | undefined; }[]; reference?: string | undefined; }, any, TFieldValues>' is not assignable to type 'Control<{ date: string; description: string; lines: { accountId: string; debit: number; credit: number; description?: string | undefined; }[]; reference?: string | undefined; }, any, { date: string; description: string; lines: { ...; }[]; reference?: string | undefined; }>'.
  The types of '_options.resolver' are incompatible between these types.
    Type 'Resolver<{ date: string; description: string; lines: { accountId: string; debit: number; credit: number; description?: string | undefined; }[]; reference?: string | undefined; }, any, TFieldValues> | undefined' is not assignable to type 'Resolver<{ date: string; description: string; lines: { accountId: string; debit: number; credit: number; description?: string | undefined; }[]; reference?: string | undefined; }, any, { date: string; description: string; lines: { ...; }[]; reference?: string | undefined; }> | undefined'.
      Type 'Resolver<{ date: string; description: string; lines: { accountId: string; debit: number; credit: number; description?: string | undefined; }[]; reference?: string | undefined; }, any, TFieldValues>' is not assignable to type 'Resolver<{ date: string; description: string; lines: { accountId: string; debit: number; credit: number; description?: string | undefined; }[]; reference?: string | undefined; }, any, { date: string; description: string; lines: { ...; }[]; reference?: string | undefined; }>'.
        Type 'ResolverResult<{ date: string; description: string; lines: { accountId: string; debit: number; credit: number; description?: string | undefined; }[]; reference?: string | undefined; }, TFieldValues> | Promise<...>' is not assignable to type 'ResolverResult<{ date: string; description: string; lines: { accountId: string; debit: number; credit: number; description?: string | undefined; }[]; reference?: string | undefined; }, { date: string; description: string; lines: { ...; }[]; reference?: string | undefined; }> | Promise<...>'.
          Type 'ResolverSuccess<TFieldValues>' is not assignable to type 'ResolverResult<{ date: string; description: string; lines: { accountId: string; debit: number; credit: number; description?: string | undefined; }[]; reference?: string | undefined; }, { date: string; description: string; lines: { ...; }[]; reference?: string | undefined; }> | Promise<...>'.
            Type 'ResolverSuccess<TFieldValues>' is not assignable to type 'ResolverSuccess<{ date: string; description: string; lines: { accountId: string; debit: number; credit: number; description?: string | undefined; }[]; reference?: string | undefined; }>'.
              Type 'TFieldValues' is not assignable to type '{ date: string; description: string; lines: { accountId: string; debit: number; credit: number; description?: string | undefined; }[]; reference?: string | undefined; }'.
                Type 'FieldValues' is missing the following properties from type '{ date: string; description: string; lines: { accountId: string; debit: number; credit: number; description?: string | undefined; }[]; reference?: string | undefined; }': date, description, lines
src/components/finance/ledger/new-entry-form.tsx(129,41): error TS2322: Type 'Control<{ date: string; description: string; lines: { accountId: string; debit: number; credit: number; description?: string | undefined; }[]; reference?: string | undefined; }, any, TFieldValues>' is not assignable to type 'Control<{ date: string; description: string; lines: { accountId: string; debit: number; credit: number; description?: string | undefined; }[]; reference?: string | undefined; }, any, { date: string; description: string; lines: { ...; }[]; reference?: string | undefined; }>'.
  The types of '_options.resolver' are incompatible between these types.
    Type 'Resolver<{ date: string; description: string; lines: { accountId: string; debit: number; credit: number; description?: string | undefined; }[]; reference?: string | undefined; }, any, TFieldValues> | undefined' is not assignable to type 'Resolver<{ date: string; description: string; lines: { accountId: string; debit: number; credit: number; description?: string | undefined; }[]; reference?: string | undefined; }, any, { date: string; description: string; lines: { ...; }[]; reference?: string | undefined; }> | undefined'.
      Type 'Resolver<{ date: string; description: string; lines: { accountId: string; debit: number; credit: number; description?: string | undefined; }[]; reference?: string | undefined; }, any, TFieldValues>' is not assignable to type 'Resolver<{ date: string; description: string; lines: { accountId: string; debit: number; credit: number; description?: string | undefined; }[]; reference?: string | undefined; }, any, { date: string; description: string; lines: { ...; }[]; reference?: string | undefined; }>'.
        Type 'ResolverResult<{ date: string; description: string; lines: { accountId: string; debit: number; credit: number; description?: string | undefined; }[]; reference?: string | undefined; }, TFieldValues> | Promise<...>' is not assignable to type 'ResolverResult<{ date: string; description: string; lines: { accountId: string; debit: number; credit: number; description?: string | undefined; }[]; reference?: string | undefined; }, { date: string; description: string; lines: { ...; }[]; reference?: string | undefined; }> | Promise<...>'.
          Type 'ResolverSuccess<TFieldValues>' is not assignable to type 'ResolverResult<{ date: string; description: string; lines: { accountId: string; debit: number; credit: number; description?: string | undefined; }[]; reference?: string | undefined; }, { date: string; description: string; lines: { ...; }[]; reference?: string | undefined; }> | Promise<...>'.
            Type 'ResolverSuccess<TFieldValues>' is not assignable to type 'ResolverSuccess<{ date: string; description: string; lines: { accountId: string; debit: number; credit: number; description?: string | undefined; }[]; reference?: string | undefined; }>'.
              Type 'TFieldValues' is not assignable to type '{ date: string; description: string; lines: { accountId: string; debit: number; credit: number; description?: string | undefined; }[]; reference?: string | undefined; }'.
                Type 'FieldValues' is missing the following properties from type '{ date: string; description: string; lines: { accountId: string; debit: number; credit: number; description?: string | undefined; }[]; reference?: string | undefined; }': date, description, lines
src/components/finance/ledger/new-entry-form.tsx(155,41): error TS2322: Type 'Control<{ date: string; description: string; lines: { accountId: string; debit: number; credit: number; description?: string | undefined; }[]; reference?: string | undefined; }, any, TFieldValues>' is not assignable to type 'Control<{ date: string; description: string; lines: { accountId: string; debit: number; credit: number; description?: string | undefined; }[]; reference?: string | undefined; }, any, { date: string; description: string; lines: { ...; }[]; reference?: string | undefined; }>'.
  The types of '_options.resolver' are incompatible between these types.
    Type 'Resolver<{ date: string; description: string; lines: { accountId: string; debit: number; credit: number; description?: string | undefined; }[]; reference?: string | undefined; }, any, TFieldValues> | undefined' is not assignable to type 'Resolver<{ date: string; description: string; lines: { accountId: string; debit: number; credit: number; description?: string | undefined; }[]; reference?: string | undefined; }, any, { date: string; description: string; lines: { ...; }[]; reference?: string | undefined; }> | undefined'.
      Type 'Resolver<{ date: string; description: string; lines: { accountId: string; debit: number; credit: number; description?: string | undefined; }[]; reference?: string | undefined; }, any, TFieldValues>' is not assignable to type 'Resolver<{ date: string; description: string; lines: { accountId: string; debit: number; credit: number; description?: string | undefined; }[]; reference?: string | undefined; }, any, { date: string; description: string; lines: { ...; }[]; reference?: string | undefined; }>'.
        Type 'ResolverResult<{ date: string; description: string; lines: { accountId: string; debit: number; credit: number; description?: string | undefined; }[]; reference?: string | undefined; }, TFieldValues> | Promise<...>' is not assignable to type 'ResolverResult<{ date: string; description: string; lines: { accountId: string; debit: number; credit: number; description?: string | undefined; }[]; reference?: string | undefined; }, { date: string; description: string; lines: { ...; }[]; reference?: string | undefined; }> | Promise<...>'.
          Type 'ResolverSuccess<TFieldValues>' is not assignable to type 'ResolverResult<{ date: string; description: string; lines: { accountId: string; debit: number; credit: number; description?: string | undefined; }[]; reference?: string | undefined; }, { date: string; description: string; lines: { ...; }[]; reference?: string | undefined; }> | Promise<...>'.
            Type 'ResolverSuccess<TFieldValues>' is not assignable to type 'ResolverSuccess<{ date: string; description: string; lines: { accountId: string; debit: number; credit: number; description?: string | undefined; }[]; reference?: string | undefined; }>'.
              Type 'TFieldValues' is not assignable to type '{ date: string; description: string; lines: { accountId: string; debit: number; credit: number; description?: string | undefined; }[]; reference?: string | undefined; }'.
                Type 'FieldValues' is missing the following properties from type '{ date: string; description: string; lines: { accountId: string; debit: number; credit: number; description?: string | undefined; }[]; reference?: string | undefined; }': date, description, lines
src/components/finance/ledger/new-entry-form.tsx(169,41): error TS2322: Type 'Control<{ date: string; description: string; lines: { accountId: string; debit: number; credit: number; description?: string | undefined; }[]; reference?: string | undefined; }, any, TFieldValues>' is not assignable to type 'Control<{ date: string; description: string; lines: { accountId: string; debit: number; credit: number; description?: string | undefined; }[]; reference?: string | undefined; }, any, { date: string; description: string; lines: { ...; }[]; reference?: string | undefined; }>'.
  The types of '_options.resolver' are incompatible between these types.
    Type 'Resolver<{ date: string; description: string; lines: { accountId: string; debit: number; credit: number; description?: string | undefined; }[]; reference?: string | undefined; }, any, TFieldValues> | undefined' is not assignable to type 'Resolver<{ date: string; description: string; lines: { accountId: string; debit: number; credit: number; description?: string | undefined; }[]; reference?: string | undefined; }, any, { date: string; description: string; lines: { ...; }[]; reference?: string | undefined; }> | undefined'.
      Type 'Resolver<{ date: string; description: string; lines: { accountId: string; debit: number; credit: number; description?: string | undefined; }[]; reference?: string | undefined; }, any, TFieldValues>' is not assignable to type 'Resolver<{ date: string; description: string; lines: { accountId: string; debit: number; credit: number; description?: string | undefined; }[]; reference?: string | undefined; }, any, { date: string; description: string; lines: { ...; }[]; reference?: string | undefined; }>'.
        Type 'ResolverResult<{ date: string; description: string; lines: { accountId: string; debit: number; credit: number; description?: string | undefined; }[]; reference?: string | undefined; }, TFieldValues> | Promise<...>' is not assignable to type 'ResolverResult<{ date: string; description: string; lines: { accountId: string; debit: number; credit: number; description?: string | undefined; }[]; reference?: string | undefined; }, { date: string; description: string; lines: { ...; }[]; reference?: string | undefined; }> | Promise<...>'.
          Type 'ResolverSuccess<TFieldValues>' is not assignable to type 'ResolverResult<{ date: string; description: string; lines: { accountId: string; debit: number; credit: number; description?: string | undefined; }[]; reference?: string | undefined; }, { date: string; description: string; lines: { ...; }[]; reference?: string | undefined; }> | Promise<...>'.
            Type 'ResolverSuccess<TFieldValues>' is not assignable to type 'ResolverSuccess<{ date: string; description: string; lines: { accountId: string; debit: number; credit: number; description?: string | undefined; }[]; reference?: string | undefined; }>'.
              Type 'TFieldValues' is not assignable to type '{ date: string; description: string; lines: { accountId: string; debit: number; credit: number; description?: string | undefined; }[]; reference?: string | undefined; }'.
                Type 'FieldValues' is missing the following properties from type '{ date: string; description: string; lines: { accountId: string; debit: number; credit: number; description?: string | undefined; }[]; reference?: string | undefined; }': date, description, lines
src/components/finance/ledger/new-entry-form.tsx(183,41): error TS2322: Type 'Control<{ date: string; description: string; lines: { accountId: string; debit: number; credit: number; description?: string | undefined; }[]; reference?: string | undefined; }, any, TFieldValues>' is not assignable to type 'Control<{ date: string; description: string; lines: { accountId: string; debit: number; credit: number; description?: string | undefined; }[]; reference?: string | undefined; }, any, { date: string; description: string; lines: { ...; }[]; reference?: string | undefined; }>'.
  The types of '_options.resolver' are incompatible between these types.
    Type 'Resolver<{ date: string; description: string; lines: { accountId: string; debit: number; credit: number; description?: string | undefined; }[]; reference?: string | undefined; }, any, TFieldValues> | undefined' is not assignable to type 'Resolver<{ date: string; description: string; lines: { accountId: string; debit: number; credit: number; description?: string | undefined; }[]; reference?: string | undefined; }, any, { date: string; description: string; lines: { ...; }[]; reference?: string | undefined; }> | undefined'.
      Type 'Resolver<{ date: string; description: string; lines: { accountId: string; debit: number; credit: number; description?: string | undefined; }[]; reference?: string | undefined; }, any, TFieldValues>' is not assignable to type 'Resolver<{ date: string; description: string; lines: { accountId: string; debit: number; credit: number; description?: string | undefined; }[]; reference?: string | undefined; }, any, { date: string; description: string; lines: { ...; }[]; reference?: string | undefined; }>'.
        Type 'ResolverResult<{ date: string; description: string; lines: { accountId: string; debit: number; credit: number; description?: string | undefined; }[]; reference?: string | undefined; }, TFieldValues> | Promise<...>' is not assignable to type 'ResolverResult<{ date: string; description: string; lines: { accountId: string; debit: number; credit: number; description?: string | undefined; }[]; reference?: string | undefined; }, { date: string; description: string; lines: { ...; }[]; reference?: string | undefined; }> | Promise<...>'.
          Type 'ResolverSuccess<TFieldValues>' is not assignable to type 'ResolverResult<{ date: string; description: string; lines: { accountId: string; debit: number; credit: number; description?: string | undefined; }[]; reference?: string | undefined; }, { date: string; description: string; lines: { ...; }[]; reference?: string | undefined; }> | Promise<...>'.
            Type 'ResolverSuccess<TFieldValues>' is not assignable to type 'ResolverSuccess<{ date: string; description: string; lines: { accountId: string; debit: number; credit: number; description?: string | undefined; }[]; reference?: string | undefined; }>'.
              Type 'TFieldValues' is not assignable to type '{ date: string; description: string; lines: { accountId: string; debit: number; credit: number; description?: string | undefined; }[]; reference?: string | undefined; }'.
                Type 'FieldValues' is missing the following properties from type '{ date: string; description: string; lines: { accountId: string; debit: number; credit: number; description?: string | undefined; }[]; reference?: string | undefined; }': date, description, lines
src/components/forms/client-selector.tsx(20,10): error TS2305: Module '"@/lib/actions/projects"' has no exported member 'searchCustomers'.
src/components/forms/register-form.tsx(9,10): error TS2305: Module '"@/lib/actions/auth-actions"' has no exported member 'registerUser'.
src/components/import/import-wizard.tsx(485,37): error TS2739: Type 'ImportResult' is missing the following properties from type 'ImportResult': success, created, updated, skipped, model
src/components/invoices/create-invoice-form.tsx(101,44): error TS18048: 'data' is possibly 'undefined'.
src/components/portal/client-login-form.tsx(38,50): error TS2345: Argument of type 'string | null' is not assignable to parameter of type 'string'.
  Type 'null' is not assignable to type 'string'.
src/components/premium/optimistic-action.tsx(112,19): error TS2349: This expression is not callable.
  Type 'never' has no call signatures.
src/components/premium/optimistic-action.tsx(114,21): error TS2769: No overload matches this call.
  The last overload gave the following error.
    Object literal may only specify known properties, and 'onClick' does not exist in type 'Partial<unknown> & Attributes'.
src/components/projects/cadastral-locator.tsx(6,10): error TS2305: Module '"@/lib/actions/projects"' has no exported member 'enrichProjectWithCadastre'.
src/components/settings/organization-form.tsx(204,66): error TS2339: Property 'message' does not exist on type '{ success: boolean; error: string; }'.
src/components/shared/csv-importer.tsx(62,20): error TS2769: No overload matches this call.
  The last overload gave the following error.
    Argument of type 'File' is not assignable to parameter of type 'unique symbol'.
src/components/support/support-chat-widget.tsx(121,67): error TS2352: Conversion of type '{ id: string; ticket_id: string; sender_id: string; sender_role: string; content: string; is_internal: boolean; attachments: JsonValue; read_at: Date | null; created_at: Date; } | undefined' to type 'Message' may be a mistake because neither type sufficiently overlaps with the other. If this was intentional, convert the expression to 'unknown' first.
  Type '{ id: string; ticket_id: string; sender_id: string; sender_role: string; content: string; is_internal: boolean; attachments: JsonValue; read_at: Date | null; created_at: Date; }' is not comparable to type 'Message'.
    Types of property 'created_at' are incompatible.
      Type 'Date' is not comparable to type 'string'.
src/components/team/advanced-member-wizard.tsx(66,9): error TS2719: Type 'import("C:/Projects/DOS ANTIGRAVITY/solistech-pro/node_modules/react-hook-form/dist/types/resolvers").Resolver<{ step1: { fullName: string; email: string; phone?: string | undefined; emergencyContact?: { name: string; phone: string; relation?: string | undefined; } | undefined; }; step2: { roleId?: string | undefine...' is not assignable to type 'import("C:/Projects/DOS ANTIGRAVITY/solistech-pro/node_modules/react-hook-form/dist/types/resolvers").Resolver<{ step1: { fullName: string; email: string; phone?: string | undefined; emergencyContact?: { name: string; phone: string; relation?: string | undefined; } | undefined; }; step2: { roleId?: string | undefine...'. Two different types with this name exist, but they are unrelated.
  Types of parameters 'options' and 'options' are incompatible.
    Type 'import("C:/Projects/DOS ANTIGRAVITY/solistech-pro/node_modules/react-hook-form/dist/types/resolvers").ResolverOptions<{ step1: { fullName: string; email: string; phone?: string | undefined; emergencyContact?: { name: string; phone: string; relation?: string | undefined; } | undefined; }; step2: { roleId?: string | u...' is not assignable to type 'import("C:/Projects/DOS ANTIGRAVITY/solistech-pro/node_modules/react-hook-form/dist/types/resolvers").ResolverOptions<{ step1: { fullName: string; email: string; phone?: string | undefined; emergencyContact?: { name: string; phone: string; relation?: string | undefined; } | undefined; }; step2: { roleId?: string | u...'. Two different types with this name exist, but they are unrelated.
      Type '{ type: "PRL" | "ALTURA" | "ELECTRICIDAD_BAJA" | "CONDUCIR" | "OTRO"; name: string; issueDate: Date; expiryDate: Date; file?: any; }[] | undefined' is not assignable to type '{ type: "PRL" | "ALTURA" | "ELECTRICIDAD_BAJA" | "CONDUCIR" | "OTRO"; name: string; issueDate: Date; expiryDate: Date; file?: any; }[]'.
        Type 'undefined' is not assignable to type '{ type: "PRL" | "ALTURA" | "ELECTRICIDAD_BAJA" | "CONDUCIR" | "OTRO"; name: string; issueDate: Date; expiryDate: Date; file?: any; }[]'.
src/components/time-tracking/time-clock-widget.tsx(21,5): error TS2305: Module '"@/lib/actions/time-tracking"' has no exported member 'getCurrentStatus'.
src/components/time-tracking/time-clock-widget.tsx(22,5): error TS2305: Module '"@/lib/actions/time-tracking"' has no exported member 'clockIn'.
src/components/time-tracking/time-clock-widget.tsx(23,5): error TS2305: Module '"@/lib/actions/time-tracking"' has no exported member 'clockOut'.
src/components/time-tracking/time-clock-widget.tsx(24,5): error TS2305: Module '"@/lib/actions/time-tracking"' has no exported member 'startBreak'.
src/components/time-tracking/time-clock-widget.tsx(25,5): error TS2305: Module '"@/lib/actions/time-tracking"' has no exported member 'endBreak'.
src/components/time-tracking/time-clock-widget.tsx(26,5): error TS2305: Module '"@/lib/actions/time-tracking"' has no exported member 'getMonthlyStats'.
src/components/tools/cadastre-widget.tsx(4,10): error TS2305: Module '"@/lib/actions/projects"' has no exported member 'enrichProjectWithCadastre'.
src/components/ui/calendar.tsx(63,17): error TS2353: Object literal may only specify known properties, and 'IconLeft' does not exist in type 'Partial<CustomComponents>'.
src/components/ui/dialog.tsx(73,21): error TS2551: Property 'onOpenChange' does not exist on type '{ id?: string | undefined; is?: string | undefined; slot?: string | undefined; style?: CSSProperties | undefined; title?: string | undefined; suppressHydrationWarning?: boolean | undefined; ... 279 more ...; forceMount?: true | undefined; }'. Did you mean 'onChange'?
src/components/ui/dialog.tsx(74,19): error TS2551: Property 'onOpenChange' does not exist on type '{ id?: string | undefined; is?: string | undefined; slot?: string | undefined; style?: CSSProperties | undefined; title?: string | undefined; suppressHydrationWarning?: boolean | undefined; ... 279 more ...; forceMount?: true | undefined; }'. Did you mean 'onChange'?
src/hooks/use-calculator.ts(11,27): error TS2305: Module '"@/lib/actions/calculator"' has no exported member 'calculateFullROI'.
src/hooks/use-calculator.ts(114,40): error TS2322: Type 'Buffer<ArrayBufferLike>' is not assignable to type 'BlobPart'.
  Type 'Buffer<ArrayBufferLike>' is not assignable to type 'ArrayBufferView<ArrayBuffer>'.
    Types of property 'buffer' are incompatible.
      Type 'ArrayBufferLike' is not assignable to type 'ArrayBuffer'.
        Type 'SharedArrayBuffer' is missing the following properties from type 'ArrayBuffer': resizable, resize, detached, transfer, transferToFixedLength
src/hooks/use-calculator.ts(119,17): error TS2358: The left-hand side of an 'instanceof' expression must be of type 'any', an object type or a type parameter.
src/hooks/use-catastro.ts(43,32): error TS2339: Property 'isLoading' does not exist on type 'UseMutationResult<ApiResponse, Error, string>'.
  Property 'isLoading' does not exist on type 'Override<MutationObserverIdleResult<ApiResponse, Error, string, unknown>, { mutate: UseMutateFunction<ApiResponse, Error, string, unknown>; }> & { ...; }'.
src/hooks/use-catastro.ts(43,56): error TS2339: Property 'isLoading' does not exist on type 'UseMutationResult<ApiResponse, Error, string>'.
  Property 'isLoading' does not exist on type 'Override<MutationObserverIdleResult<ApiResponse, Error, string, unknown>, { mutate: UseMutateFunction<ApiResponse, Error, string, unknown>; }> & { ...; }'.
src/hooks/use-solar-calculation.ts(10,27): error TS2305: Module '"@/lib/actions/calculator"' has no exported member 'calculateFullROI'.
src/lib/actions/__tests__/geolocation.test.ts(1,40): error TS2307: Cannot find module 'vitest' or its corresponding type declarations.
src/lib/actions/accounting.ts(99,21): error TS2322: Type 'string | null' is not assignable to type 'string | undefined'.
  Type 'null' is not assignable to type 'string | undefined'.
src/lib/actions/billing.ts(30,32): error TS18047: 'stripe' is possibly 'null'.
src/lib/actions/billing.ts(74,38): error TS18047: 'stripe' is possibly 'null'.
src/lib/actions/billing.ts(140,19): error TS18047: 'stripe' is possibly 'null'.
src/lib/actions/calculate-grant.ts(77,28): error TS2304: Cannot find name 'createClient'.
src/lib/actions/calculate-grant.ts(186,28): error TS2304: Cannot find name 'createClient'.
src/lib/actions/calculate-grant.ts(205,28): error TS2304: Cannot find name 'createClient'.
src/lib/actions/calculate-grant.ts(230,28): error TS2304: Cannot find name 'createClient'.
src/lib/actions/dashboard-stats.ts(85,21): error TS2353: Object literal may only specify known properties, and 'date' does not exist in type 'invoicesWhereInput'.
src/lib/actions/dashboard-stats.ts(135,29): error TS18048: 'monthlyRevenueResult._sum' is possibly 'undefined'.
src/lib/actions/dashboard-stats.ts(168,17): error TS2353: Object literal may only specify known properties, and 'client' does not exist in type 'projectsInclude<DefaultArgs>'.
src/lib/actions/documents.ts(10,28): error TS2304: Cannot find name 'createClient'.
src/lib/actions/documents.ts(43,19): error TS2304: Cannot find name 'organization'.
src/lib/actions/import-detection.ts(402,28): error TS2304: Cannot find name 'createClient'.
src/lib/actions/import-detection.ts(445,28): error TS2304: Cannot find name 'createClient'.
src/lib/actions/import-processing.ts(102,27): error TS2339: Property 'errors' does not exist on type 'ZodError<any>'.
src/lib/actions/import-processing.ts(135,28): error TS2304: Cannot find name 'createClient'.
src/lib/actions/import-processing.ts(434,28): error TS2304: Cannot find name 'createClient'.
src/lib/actions/import-processing.ts(458,28): error TS2304: Cannot find name 'createClient'.
src/lib/actions/import.ts(54,21): error TS2322: Type '{ street: string | null; city: string | null; postal_code: string | null; country: string; }' is not assignable to type 'string'.
src/lib/actions/import.ts(96,21): error TS2561: Object literal may only specify known properties, but 'created_by' does not exist in type 'Without<leadsCreateInput, leadsUncheckedCreateInput> & leadsUncheckedCreateInput'. Did you mean to write 'created_at'?
src/lib/actions/import.ts(280,43): error TS2339: Property 'components' does not exist on type 'PrismaClient<PrismaClientOptions, never, DefaultArgs>'.
src/lib/actions/import.ts(285,30): error TS2339: Property 'components' does not exist on type 'PrismaClient<PrismaClientOptions, never, DefaultArgs>'.
src/lib/actions/import.ts(290,30): error TS2339: Property 'components' does not exist on type 'PrismaClient<PrismaClientOptions, never, DefaultArgs>'.
src/lib/actions/invoice-pdf.ts(7,28): error TS2304: Cannot find name 'createClient'.
src/lib/actions/invoices.ts(36,68): error TS2345: Argument of type '{}' is not assignable to parameter of type 'string'.
src/lib/actions/invoices.ts(37,74): error TS2345: Argument of type '{}' is not assignable to parameter of type 'string'.
src/lib/actions/invoices.ts(38,68): error TS2345: Argument of type '{}' is not assignable to parameter of type 'string'.
src/lib/actions/invoices.ts(39,76): error TS2345: Argument of type '{}' is not assignable to parameter of type 'string'.
src/lib/actions/invoices.ts(40,52): error TS2345: Argument of type '{}' is not assignable to parameter of type 'string'.
src/lib/actions/invoices.ts(44,30): error TS2339: Property 'name' does not exist on type '{}'.
src/lib/actions/invoices.ts(44,53): error TS2339: Property 'name' does not exist on type '{}'.
src/lib/actions/invoices.ts(44,89): error TS2339: Property 'name' does not exist on type '{}'.
src/lib/actions/invoices.ts(45,30): error TS2339: Property 'address' does not exist on type '{}'.
src/lib/actions/invoices.ts(45,56): error TS2339: Property 'address' does not exist on type '{}'.
src/lib/actions/invoices.ts(45,95): error TS2339: Property 'address' does not exist on type '{}'.
src/lib/actions/invoices.ts(132,20): error TS2339: Property 'verifactu_hash' does not exist on type 'InvoiceForQR'.
src/lib/actions/invoices.ts(133,67): error TS2339: Property 'id' does not exist on type 'InvoiceForQR'.
src/lib/actions/invoices.ts(204,45): error TS2345: Argument of type '{ id: string; organization_id: string | null; invoice_number: string; sequential_number: number | null; customer_id: string | null; project_id: string | null; customer_name: string | null; ... 16 more ...; updated_at: Date; }' is not assignable to parameter of type 'InvoiceHashInput'.
  Types of property 'issue_date' are incompatible.
    Type 'Date' is not assignable to type 'string'.
src/lib/actions/invoices.ts(206,60): error TS2353: Object literal may only specify known properties, and 'verifactu_hash' does not exist in type 'InvoiceForQR'.
src/lib/actions/invoices.ts(289,35): error TS2345: Argument of type '({ customer: { id: string; organization_id: string | null; created_by: string | null; name: string; email: string | null; phone: string | null; nif: string | null; address: string | null; ... 9 more ...; updated_at: Date; } | null; lines: { ...; }[]; } & { ...; }) | null' is not assignable to parameter of type 'InvoiceForCleaning'.
  Type 'null' is not assignable to type 'InvoiceForCleaning'.
src/lib/actions/leave-management.ts(400,17): error TS2353: Object literal may only specify known properties, and 'user' does not exist in type 'leave_requestsWhereInput'.
src/lib/actions/municipal-benefits-search.ts(7,28): error TS2304: Cannot find name 'createClient'.
src/lib/actions/municipal-benefits-search.ts(24,28): error TS2304: Cannot find name 'createClient'.
src/lib/actions/municipal-benefits-search.ts(46,28): error TS2304: Cannot find name 'createClient'.
src/lib/actions/municipal-benefits-search.ts(65,28): error TS2304: Cannot find name 'createClient'.
src/lib/actions/municipal-benefits.ts(69,28): error TS2304: Cannot find name 'createClient'.
src/lib/actions/municipal-benefits.ts(138,28): error TS2304: Cannot find name 'createClient'.
src/lib/actions/municipal-benefits.ts(152,31): error TS7006: Parameter 'b' implicitly has an 'any' type.
src/lib/actions/municipal-benefits.ts(153,31): error TS7006: Parameter 'b' implicitly has an 'any' type.
src/lib/actions/municipal-benefits.ts(154,32): error TS7006: Parameter 'b' implicitly has an 'any' type.
src/lib/actions/municipal-benefits.ts(174,28): error TS2304: Cannot find name 'createClient'.
src/lib/actions/organization-onboarding.ts(31,42): error TS2339: Property 'errors' does not exist on type 'ZodError<{ name: string; tax_id?: string | undefined; }>'.
src/lib/actions/roi-calculator.ts(12,28): error TS2304: Cannot find name 'createClient'.
src/lib/actions/roi-calculator.ts(142,28): error TS2304: Cannot find name 'createClient'.
src/lib/actions/roi-calculator.ts(202,28): error TS2304: Cannot find name 'createClient'.
src/lib/actions/subscriptions.ts(191,32): error TS18047: 'stripe' is possibly 'null'.
src/lib/actions/subscriptions.ts(250,39): error TS18047: 'stripe' is possibly 'null'.
src/lib/actions/subscriptions.ts(309,37): error TS18047: 'stripe' is possibly 'null'.
src/lib/actions/team-management.ts(65,45): error TS2339: Property 'errors' does not exist on type 'ZodError<{ email: string; fullName: string; roleId: string; organizationId: string; }>'.
src/lib/actions/technical-memory.ts(43,17): error TS2345: Argument of type '"pdf_generation.blocked"' is not assignable to parameter of type 'AuditEventType'.
src/lib/actions/technical-memory.ts(153,13): error TS2345: Argument of type '"pdf_generation.success"' is not assignable to parameter of type 'AuditEventType'.
src/lib/ai/context-providers.ts(90,28): error TS2339: Property 'calculation_data' does not exist on type '{ id: string; organization_id: string; project_id: string | null; name: string | null; system_size_kwp: Decimal | null; estimated_production_kwh: Decimal | null; ... 6 more ...; updated_at: Date; }'.
src/lib/ai/context-providers.ts(95,9): error TS2322: Type 'string | number | true | JsonObject | JsonArray' is not assignable to type 'string'.
  Type 'number' is not assignable to type 'string'.
src/lib/ai/context-providers.ts(133,28): error TS2353: Object literal may only specify known properties, and 'date' does not exist in type 'invoicesOrderByWithRelationInput | invoicesOrderByWithRelationInput[]'.
src/lib/ai/context-providers.ts(140,36): error TS2339: Property 'invoices' does not exist on type '{ id: string; organization_id: string | null; created_by: string | null; name: string; email: string | null; phone: string | null; nif: string | null; address: string | null; city: string | null; ... 8 more ...; updated_at: Date; }'.
src/lib/ai/context-providers.ts(141,10): error TS7006: Parameter 'sum' implicitly has an 'any' type.
src/lib/ai/context-providers.ts(141,15): error TS7006: Parameter 'inv' implicitly has an 'any' type.
src/lib/ai/context-providers.ts(144,34): error TS2339: Property 'invoices' does not exist on type '{ id: string; organization_id: string | null; created_by: string | null; name: string; email: string | null; phone: string | null; nif: string | null; address: string | null; city: string | null; ... 8 more ...; updated_at: Date; }'.
src/lib/ai/context-providers.ts(149,36): error TS2339: Property 'invoices' does not exist on type '{ id: string; organization_id: string | null; created_by: string | null; name: string; email: string | null; phone: string | null; nif: string | null; address: string | null; city: string | null; ... 8 more ...; updated_at: Date; }'.
src/lib/audit/audit-logger.ts(80,17): error TS2322: Type 'string | null' is not assignable to type 'NullableJsonNullValueInput | InputJsonValue | undefined'.
  Type 'null' is not assignable to type 'NullableJsonNullValueInput | InputJsonValue | undefined'.
src/lib/google/gmail.ts(126,47): error TS2769: No overload matches this call.
  Overload 1 of 2, '(predicate: (value: Schema$MessagePartHeader, index: number, obj: Schema$MessagePartHeader[]) => value is Schema$MessagePartHeader, thisArg?: any): Schema$MessagePartHeader | undefined', gave the following error.
    Argument of type '(h: { name?: string; value?: string; }) => boolean' is not assignable to parameter of type '(value: Schema$MessagePartHeader, index: number, obj: Schema$MessagePartHeader[]) => value is Schema$MessagePartHeader'.
      Types of parameters 'h' and 'value' are incompatible.
        Type 'Schema$MessagePartHeader' is not assignable to type '{ name?: string | undefined; value?: string | undefined; }'.
          Types of property 'name' are incompatible.
            Type 'string | null | undefined' is not assignable to type 'string | undefined'.
              Type 'null' is not assignable to type 'string | undefined'.
  Overload 2 of 2, '(predicate: (value: Schema$MessagePartHeader, index: number, obj: Schema$MessagePartHeader[]) => unknown, thisArg?: any): Schema$MessagePartHeader | undefined', gave the following error.
    Argument of type '(h: { name?: string; value?: string; }) => boolean' is not assignable to parameter of type '(value: Schema$MessagePartHeader, index: number, obj: Schema$MessagePartHeader[]) => unknown'.
      Types of parameters 'h' and 'value' are incompatible.
        Type 'Schema$MessagePartHeader' is not assignable to type '{ name?: string | undefined; value?: string | undefined; }'.
          Types of property 'name' are incompatible.
            Type 'string | null | undefined' is not assignable to type 'string | undefined'.
              Type 'null' is not assignable to type 'string | undefined'.
src/lib/google/gmail.ts(127,44): error TS2769: No overload matches this call.
  Overload 1 of 2, '(predicate: (value: Schema$MessagePartHeader, index: number, obj: Schema$MessagePartHeader[]) => value is Schema$MessagePartHeader, thisArg?: any): Schema$MessagePartHeader | undefined', gave the following error.
    Argument of type '(h: { name?: string; value?: string; }) => boolean' is not assignable to parameter of type '(value: Schema$MessagePartHeader, index: number, obj: Schema$MessagePartHeader[]) => value is Schema$MessagePartHeader'.
      Types of parameters 'h' and 'value' are incompatible.
        Type 'Schema$MessagePartHeader' is not assignable to type '{ name?: string | undefined; value?: string | undefined; }'.
          Types of property 'name' are incompatible.
            Type 'string | null | undefined' is not assignable to type 'string | undefined'.
              Type 'null' is not assignable to type 'string | undefined'.
  Overload 2 of 2, '(predicate: (value: Schema$MessagePartHeader, index: number, obj: Schema$MessagePartHeader[]) => unknown, thisArg?: any): Schema$MessagePartHeader | undefined', gave the following error.
    Argument of type '(h: { name?: string; value?: string; }) => boolean' is not assignable to parameter of type '(value: Schema$MessagePartHeader, index: number, obj: Schema$MessagePartHeader[]) => unknown'.
      Types of parameters 'h' and 'value' are incompatible.
        Type 'Schema$MessagePartHeader' is not assignable to type '{ name?: string | undefined; value?: string | undefined; }'.
          Types of property 'name' are incompatible.
            Type 'string | null | undefined' is not assignable to type 'string | undefined'.
              Type 'null' is not assignable to type 'string | undefined'.
src/lib/google/gmail.ts(128,44): error TS2769: No overload matches this call.
  Overload 1 of 2, '(predicate: (value: Schema$MessagePartHeader, index: number, obj: Schema$MessagePartHeader[]) => value is Schema$MessagePartHeader, thisArg?: any): Schema$MessagePartHeader | undefined', gave the following error.
    Argument of type '(h: { name?: string; value?: string; }) => boolean' is not assignable to parameter of type '(value: Schema$MessagePartHeader, index: number, obj: Schema$MessagePartHeader[]) => value is Schema$MessagePartHeader'.
      Types of parameters 'h' and 'value' are incompatible.
        Type 'Schema$MessagePartHeader' is not assignable to type '{ name?: string | undefined; value?: string | undefined; }'.
          Types of property 'name' are incompatible.
            Type 'string | null | undefined' is not assignable to type 'string | undefined'.
              Type 'null' is not assignable to type 'string | undefined'.
  Overload 2 of 2, '(predicate: (value: Schema$MessagePartHeader, index: number, obj: Schema$MessagePartHeader[]) => unknown, thisArg?: any): Schema$MessagePartHeader | undefined', gave the following error.
    Argument of type '(h: { name?: string; value?: string; }) => boolean' is not assignable to parameter of type '(value: Schema$MessagePartHeader, index: number, obj: Schema$MessagePartHeader[]) => unknown'.
      Types of parameters 'h' and 'value' are incompatible.
        Type 'Schema$MessagePartHeader' is not assignable to type '{ name?: string | undefined; value?: string | undefined; }'.
          Types of property 'name' are incompatible.
            Type 'string | null | undefined' is not assignable to type 'string | undefined'.
              Type 'null' is not assignable to type 'string | undefined'.
src/lib/import-engine/core.ts(106,51): error TS2339: Property 'errors' does not exist on type 'ZodError<unknown>'.
src/lib/import-engine/processor.ts(111,51): error TS2339: Property 'errors' does not exist on type 'ZodError<unknown>'.
src/lib/powerpoint/generator.ts(488,13): error TS2559: Type '{ color: any; }[]' has no properties in common with type 'ShapeFillProps'.
src/lib/powerpoint/generator.ts(501,13): error TS2322: Type 'any[]' is not assignable to type 'string'.
src/lib/powerpoint/generator.ts(514,13): error TS2322: Type 'boolean[]' is not assignable to type 'boolean | undefined'.
src/lib/powerpoint/generator.ts(558,13): error TS2559: Type '{ color: any; }[]' has no properties in common with type 'ShapeFillProps'.
src/lib/powerpoint/generator.ts(564,13): error TS2322: Type 'any[]' is not assignable to type 'string'.
src/lib/powerpoint/generator.ts(570,13): error TS2322: Type 'boolean[]' is not assignable to type 'boolean | undefined'.
src/lib/schemas/import-validation.ts(22,13): error TS2353: Object literal may only specify known properties, and 'invalid_type_error' does not exist in type '{ error?: string | $ZodErrorMap<$ZodIssueInvalidType<unknown>> | undefined; message?: string | undefined; }'.
src/lib/services/payments.ts(130,51): error TS2339: Property 'amount_due' does not exist on type '{ id: string; organization_id: string | null; invoice_number: string; sequential_number: number | null; customer_id: string | null; project_id: string | null; customer_name: string | null; ... 16 more ...; updated_at: Date; }'.
src/lib/services/payments.ts(134,27): error TS2339: Property 'currency' does not exist on type '{ id: string; organization_id: string | null; invoice_number: string; sequential_number: number | null; customer_id: string | null; project_id: string | null; customer_name: string | null; ... 16 more ...; updated_at: Date; }'.
src/lib/services/payments.ts(135,41): error TS2339: Property 'number' does not exist on type '{ id: string; organization_id: string | null; invoice_number: string; sequential_number: number | null; customer_id: string | null; project_id: string | null; customer_name: string | null; ... 16 more ...; updated_at: Date; }'.
src/lib/services/stripe.ts(27,9): error TS2322: Type '"2024-12-18.acacia"' is not assignable to type '"2025-11-17.clover"'.
src/lib/stripe.ts(4,5): error TS2322: Type '"2024-11-20.acacia"' is not assignable to type '"2025-11-17.clover"'.
src/lib/utils/excel-parser.ts(7,55): error TS2459: Module '"./excel-parser-secure"' declares 'ParsedRow' locally, but it is not exported.
src/styles/theme.ts(170,26): error TS2339: Property 'bg' does not exist on type 'never'.
src/styles/theme.ts(170,45): error TS2339: Property 'text' does not exist on type 'never'.
src/styles/theme.ts(170,66): error TS2339: Property 'border' does not exist on type 'never'.
supabase/functions/catastro-proxy/index.ts(1,23): error TS2307: Cannot find module 'https://deno.land/std@0.177.0/http/server.ts' or its corresponding type declarations.
supabase/functions/catastro-proxy/index.ts(2,27): error TS2307: Cannot find module 'npm:fast-xml-parser' or its corresponding type declarations.
supabase/functions/catastro-proxy/index.ts(72,14): error TS7006: Parameter 'req' implicitly has an 'any' type.
test-catastro.ts(1,10): error TS2724: '"./src/lib/services/catastro"' has no exported member named 'getCadastralData'. Did you mean 'fetchCadastralData'?
tests/a11y/accessibility.test.tsx(8,38): error TS2307: Cannot find module '@jest/globals' or its corresponding type declarations.
tests/a11y/accessibility.test.tsx(9,32): error TS2307: Cannot find module '@testing-library/react' or its corresponding type declarations.
tests/a11y/accessibility.test.tsx(10,23): error TS2307: Cannot find module '@testing-library/user-event' or its corresponding type declarations.
tests/a11y/accessibility.test.tsx(153,26): error TS2304: Cannot find name 'jest'.
tests/calculator/calculation.test.ts(6,54): error TS2307: Cannot find module 'vitest' or its corresponding type declarations.
tests/calculator/calculation.test.ts(7,10): error TS2459: Module '"@/app/api/calculate-solar/route"' declares 'calculateFallbackProduction' locally, but it is not exported.
tests/calculator/pdf-generation.test.ts(6,54): error TS2307: Cannot find module 'vitest' or its corresponding type declarations.
tests/catastro/lookup.test.ts(1,44): error TS2307: Cannot find module '@jest/globals' or its corresponding type declarations.
tests/cursorrules-validation.test.ts(13,38): error TS2307: Cannot find module '@jest/globals' or its corresponding type declarations.
tests/cursorrules-validation.test.ts(189,54): error TS2532: Object is possibly 'undefined'.
tests/finops/accounting-622x.test.ts(6,54): error TS2307: Cannot find module 'vitest' or its corresponding type declarations.
tests/permissions/permission-masking.test.ts(6,54): error TS2307: Cannot find module 'vitest' or its corresponding type declarations.
tests/red-team/iso27001-security.test.ts(13,61): error TS2307: Cannot find module '@jest/globals' or its corresponding type declarations.
tests/red-team/iso27001-security.test.ts(17,1): error TS2304: Cannot find name 'jest'.
tests/red-team/iso27001-security.test.ts(20,25): error TS2304: Cannot find name 'jest'.
tests/red-team/iso27001-security.test.ts(23,21): error TS2304: Cannot find name 'jest'.
tests/red-team/iso27001-security.test.ts(30,9): error TS2304: Cannot find name 'jest'.
tests/red-team/iso27001-security.test.ts(34,9): error TS2304: Cannot find name 'jest'.
tests/red-team/iso27001-security.test.ts(52,40): error TS2339: Property 'callbacks' does not exist on type '((args_0: NextApiRequest, args_1: NextApiResponse) => Promise<Session | null>) & (() => Promise<Session | null>) & ((args_0: GetServerSidePropsContext) => Promise<...>) & ((args_0: (req: NextAuthRequest, ctx: AppRouteHandlerFnContext) => void | ... 1 more ... | Promise<...>) => AppRouteHandlerFn) & ((args_0: NextAut...'.
tests/red-team/iso27001-security.test.ts(168,21): error TS2339: Property 'getInvoice' does not exist on type 'typeof import("C:/Projects/DOS ANTIGRAVITY/solistech-pro/src/lib/actions/invoices")'.
tests/red-team/iso27001-security.test.ts(173,13): error TS2304: Cannot find name 'jest'.
tests/red-team/iso27001-security.test.ts(174,41): error TS2304: Cannot find name 'jest'.
tests/red-team/iso27001-security.test.ts(277,61): error TS2503: Cannot find namespace 'jest'.
tests/red-team/iso27001-security.test.ts(307,61): error TS2503: Cannot find namespace 'jest'.
tests/security/excel-parser-secure.test.ts(6,54): error TS2307: Cannot find module 'vitest' or its corresponding type declarations.
