src/app/api/auth/register/route.ts(9,67): error TS2551: Property 'User' does not exist on type 'PrismaClient<PrismaClientOptions, never, DefaultArgs>'. Did you mean 'user'?
src/app/api/auth/register/route.ts(23,43): error TS2551: Property 'User' does not exist on type 'PrismaClient<PrismaClientOptions, never, DefaultArgs>'. Did you mean 'user'?
src/app/api/auth/register/route.ts(38,35): error TS2551: Property 'User' does not exist on type 'PrismaClient<PrismaClientOptions, never, DefaultArgs>'. Did you mean 'user'?
src/app/dashboard/admin/users/page.tsx(13,34): error TS2551: Property 'User' does not exist on type 'PrismaClient<PrismaClientOptions, never, DefaultArgs>'. Did you mean 'user'?
src/app/dashboard/advanced/page.tsx(108,30): error TS2352: Conversion of type '{ historical: { month: string; revenue: number; }[]; forecasts: never[]; avgMonthly: number; }' to type 'ForecastData' may be a mistake because neither type sufficiently overlaps with the other. If this was intentional, convert the expression to 'unknown' first.
  Property 'trendPercentage' is missing in type '{ historical: { month: string; revenue: number; }[]; forecasts: never[]; avgMonthly: number; }' but required in type 'ForecastData'.
src/app/dashboard/calendar/page.tsx(15,34): error TS2551: Property 'User' does not exist on type 'PrismaClient<PrismaClientOptions, never, DefaultArgs>'. Did you mean 'user'?
src/app/dashboard/crm/clients/[id]/page.tsx(1,10): error TS2724: '"@/lib/actions/customers"' has no exported member named 'getCustomer'. Did you mean 'getCustomers'?
src/app/dashboard/crm/clients/[id]/page.tsx(67,59): error TS2339: Property 'city' does not exist on type 'string'.
src/app/dashboard/crm/clients/[id]/page.tsx(67,81): error TS2339: Property 'province' does not exist on type 'string'.
src/app/dashboard/crm/clients/[id]/page.tsx(67,107): error TS2339: Property 'country' does not exist on type 'string'.
src/app/dashboard/crm/opportunities/page.tsx(6,34): error TS2339: Property 'error' does not exist on type '{ success: boolean; data: never[]; }'.
src/app/dashboard/customers/[id]/edit/page.tsx(18,34): error TS2551: Property 'User' does not exist on type 'PrismaClient<PrismaClientOptions, never, DefaultArgs>'. Did you mean 'user'?
src/app/dashboard/customers/[id]/edit/page.tsx(51,39): error TS2739: Type '{ id: string; organization_id: string | null; created_by: string | null; name: string; email: string | null; phone: string | null; nif: string | null; address: string | null; city: string | null; ... 8 more ...; updated_at: Date; }' is missing the following properties from type 'Customer': company, tax_id
src/app/dashboard/customers/page.tsx(21,34): error TS2551: Property 'User' does not exist on type 'PrismaClient<PrismaClientOptions, never, DefaultArgs>'. Did you mean 'user'?
src/app/dashboard/customers/page.tsx(63,30): error TS2322: Type '{ id: string; organization_id: string | null; created_by: string | null; name: string; email: string | null; phone: string | null; nif: string | null; address: string | null; city: string | null; ... 8 more ...; updated_at: Date; }[]' is not assignable to type 'Customer[]'.
  Property 'full_name' is missing in type '{ id: string; organization_id: string | null; created_by: string | null; name: string; email: string | null; phone: string | null; nif: string | null; address: string | null; city: string | null; ... 8 more ...; updated_at: Date; }' but required in type 'Customer'.
src/app/dashboard/invoices/[id]/page.tsx(50,66): error TS2339: Property 'paid_amount' does not exist on type '{ customer: { id: string; organization_id: string | null; created_by: string | null; name: string; email: string | null; phone: string | null; nif: string | null; address: string | null; ... 9 more ...; updated_at: Date; } | null; lines: { ...; }[]; } & { ...; }'.
src/app/dashboard/invoices/[id]/page.tsx(179,44): error TS18047: 'invoice.subtotal' is possibly 'null'.
src/app/dashboard/invoices/[id]/page.tsx(183,44): error TS18047: 'invoice.tax_amount' is possibly 'null'.
src/app/dashboard/invoices/[id]/page.tsx(188,44): error TS18047: 'invoice.total' is possibly 'null'.
src/app/dashboard/invoices/[id]/page.tsx(194,61): error TS2339: Property 'paid_amount' does not exist on type '{ customer: { id: string; organization_id: string | null; created_by: string | null; name: string; email: string | null; phone: string | null; nif: string | null; address: string | null; ... 9 more ...; updated_at: Date; } | null; lines: { ...; }[]; } & { ...; }'.
src/app/dashboard/invoices/[id]/page.tsx(227,38): error TS2339: Property 'verifactu_qr_code' does not exist on type '{ customer: { id: string; organization_id: string | null; created_by: string | null; name: string; email: string | null; phone: string | null; nif: string | null; address: string | null; ... 9 more ...; updated_at: Date; } | null; lines: { ...; }[]; } & { ...; }'.
src/app/dashboard/invoices/[id]/page.tsx(230,54): error TS2339: Property 'verifactu_qr_code' does not exist on type '{ customer: { id: string; organization_id: string | null; created_by: string | null; name: string; email: string | null; phone: string | null; nif: string | null; address: string | null; ... 9 more ...; updated_at: Date; } | null; lines: { ...; }[]; } & { ...; }'.
src/app/dashboard/invoices/[id]/page.tsx(238,80): error TS2339: Property 'verifactu_hash' does not exist on type '{ customer: { id: string; organization_id: string | null; created_by: string | null; name: string; email: string | null; phone: string | null; nif: string | null; address: string | null; ... 9 more ...; updated_at: Date; } | null; lines: { ...; }[]; } & { ...; }'.
src/app/dashboard/invoices/[id]/page.tsx(240,42): error TS2339: Property 'verifactu_status' does not exist on type '{ customer: { id: string; organization_id: string | null; created_by: string | null; name: string; email: string | null; phone: string | null; nif: string | null; address: string | null; ... 9 more ...; updated_at: Date; } | null; lines: { ...; }[]; } & { ...; }'.
src/app/dashboard/invoices/[id]/page.tsx(242,87): error TS2339: Property 'verifactu_status' does not exist on type '{ customer: { id: string; organization_id: string | null; created_by: string | null; name: string; email: string | null; phone: string | null; nif: string | null; address: string | null; ... 9 more ...; updated_at: Date; } | null; lines: { ...; }[]; } & { ...; }'.
src/app/dashboard/invoices/[id]/page.tsx(250,30): error TS2339: Property 'payments' does not exist on type '{ customer: { id: string; organization_id: string | null; created_by: string | null; name: string; email: string | null; phone: string | null; nif: string | null; address: string | null; ... 9 more ...; updated_at: Date; } | null; lines: { ...; }[]; } & { ...; }'.
src/app/dashboard/invoices/[id]/page.tsx(250,50): error TS2339: Property 'payments' does not exist on type '{ customer: { id: string; organization_id: string | null; created_by: string | null; name: string; email: string | null; phone: string | null; nif: string | null; address: string | null; ... 9 more ...; updated_at: Date; } | null; lines: { ...; }[]; } & { ...; }'.
src/app/dashboard/invoices/[id]/page.tsx(257,46): error TS2339: Property 'payments' does not exist on type '{ customer: { id: string; organization_id: string | null; created_by: string | null; name: string; email: string | null; phone: string | null; nif: string | null; address: string | null; ... 9 more ...; updated_at: Date; } | null; lines: { ...; }[]; } & { ...; }'.
src/app/dashboard/invoices/new/page.tsx(17,35): error TS2551: Property 'User' does not exist on type 'PrismaClient<PrismaClientOptions, never, DefaultArgs>'. Did you mean 'user'?
src/app/dashboard/invoices/new/page.tsx(40,32): error TS2322: Type '{ email: string | null; id: string; name: string; }[]' is not assignable to type '{ id: string; name: string; email: string; }[]'.
  Type '{ email: string | null; id: string; name: string; }' is not assignable to type '{ id: string; name: string; email: string; }'.
    Types of property 'email' are incompatible.
      Type 'string | null' is not assignable to type 'string'.
        Type 'null' is not assignable to type 'string'.
src/app/dashboard/invoices/page.tsx(90,36): error TS2322: Type '({ customer: { email: string | null; id: string; name: string; } | null; lines: { id: string; invoice_id: string; line_order: number; description: string; quantity: Decimal; unit_price: Decimal; ... 5 more ...; total: Decimal; }[]; } & { ...; })[]' is not assignable to type 'Invoice[]'.
  Property 'paid_amount' is missing in type '{ customer: { email: string | null; id: string; name: string; } | null; lines: { id: string; invoice_id: string; line_order: number; description: string; quantity: Decimal; unit_price: Decimal; ... 5 more ...; total: Decimal; }[]; } & { ...; }' but required in type 'Invoice'.
src/app/dashboard/leads/[id]/edit/page.tsx(48,35): error TS2740: Type '{ id: string; name: string; email: string; phone: string; company: string; source: string; status: string; estimated_value: number; notes: string; }' is missing the following properties from type '{ id: string; organization_id: string; name: string; email: string | null; phone: string | null; company: string | null; source: "other" | "web" | "referral" | "cold_call" | "social_media" | null; ... 7 more ...; updated_at: string; }': organization_id, lost_reason, created_by, assigned_to, and 2 more.
src/app/dashboard/leads/page.tsx(21,34): error TS2551: Property 'User' does not exist on type 'PrismaClient<PrismaClientOptions, never, DefaultArgs>'. Did you mean 'user'?
src/app/dashboard/page.tsx(50,70): error TS2551: Property 'User' does not exist on type 'PrismaClient<PrismaClientOptions, never, DefaultArgs>'. Did you mean 'user'?
src/app/dashboard/page.tsx(53,34): error TS2551: Property 'User' does not exist on type 'PrismaClient<PrismaClientOptions, never, DefaultArgs>'. Did you mean 'user'?
src/app/dashboard/presentations/new/page.tsx(22,31): error TS2551: Property 'users' does not exist on type 'PrismaClient<PrismaClientOptions, never, DefaultArgs>'. Did you mean 'user'?
src/app/dashboard/presentations/page.tsx(20,35): error TS2551: Property 'User' does not exist on type 'PrismaClient<PrismaClientOptions, never, DefaultArgs>'. Did you mean 'user'?
src/app/dashboard/projects/[id]/edit/page.tsx(18,34): error TS2551: Property 'User' does not exist on type 'PrismaClient<PrismaClientOptions, never, DefaultArgs>'. Did you mean 'user'?
src/app/dashboard/projects/[id]/edit/page.tsx(58,38): error TS2739: Type '{ id: string; organization_id: string | null; client_id: string | null; name: string; description: string | null; installation_type: string | null; status: string | null; system_size_kwp: Decimal | null; ... 24 more ...; updated_at: Date; }' is missing the following properties from type 'Project': customer_id, notes
src/app/dashboard/projects/[id]/edit/page.tsx(58,56): error TS2322: Type '{ id: string; name: string; }[]' is not assignable to type 'Customer[]'.
  Property 'company' is missing in type '{ id: string; name: string; }' but required in type 'Customer'.
src/app/dashboard/projects/new/page.tsx(18,34): error TS2551: Property 'users' does not exist on type 'PrismaClient<PrismaClientOptions, never, DefaultArgs>'. Did you mean 'user'?
src/app/dashboard/sales/[id]/page.tsx(133,47): error TS2740: Type '{ id: string; customer_name: string; sale_number: string; dni: string; customer_phone: string; customer_email: string; amount: number; material: string; payment_20_status: string; documentation_status: string; engineering_status: string; process_status: string; installation_status: string; documentation_notes: strin...' is missing the following properties from type 'Sale': organization_id, customer_id, sale_date, access_code, and 13 more.
src/app/dashboard/sales/[id]/page.tsx(146,49): error TS2740: Type '{ id: string; customer_name: string; sale_number: string; dni: string; customer_phone: string; customer_email: string; amount: number; material: string; payment_20_status: string; documentation_status: string; engineering_status: string; process_status: string; installation_status: string; documentation_notes: strin...' is missing the following properties from type 'Sale': organization_id, customer_id, sale_date, access_code, and 13 more.
src/app/dashboard/sales/page.tsx(15,34): error TS2551: Property 'User' does not exist on type 'PrismaClient<PrismaClientOptions, never, DefaultArgs>'. Did you mean 'user'?
src/app/dashboard/settings/page.tsx(28,34): error TS2551: Property 'User' does not exist on type 'PrismaClient<PrismaClientOptions, never, DefaultArgs>'. Did you mean 'user'?
src/app/dashboard/settings/team/page.tsx(21,34): error TS2551: Property 'User' does not exist on type 'PrismaClient<PrismaClientOptions, never, DefaultArgs>'. Did you mean 'user'?
src/app/dashboard/team/page.tsx(11,34): error TS2551: Property 'User' does not exist on type 'PrismaClient<PrismaClientOptions, never, DefaultArgs>'. Did you mean 'user'?
src/app/dashboard/team/page.tsx(19,38): error TS2551: Property 'User' does not exist on type 'PrismaClient<PrismaClientOptions, never, DefaultArgs>'. Did you mean 'user'?
src/components/auth/RoleGuard.tsx(3,25): error TS2307: Cannot find module '@/lib/auth/useUser' or its corresponding type declarations.
src/components/auth/RoleGuard.tsx(6,25): error TS2307: Cannot find module '@/types/auth' or its corresponding type declarations.
src/components/billing/upgrade-prompt.tsx(14,10): error TS2305: Module '"@/lib/actions/subscriptions"' has no exported member 'createProUpgradeCheckout'.
src/components/calculator/solar-calculator-premium.tsx(203,28): error TS2339: Property 'id' does not exist on type '{ error: string; code?: undefined; success?: undefined; message?: undefined; } | { error: string; code: string; success?: undefined; message?: undefined; } | { success: boolean; message: string; error?: undefined; code?: undefined; }'.
  Property 'id' does not exist on type '{ error: string; code?: undefined; success?: undefined; message?: undefined; }'.
src/components/calculator/solar-calculator-premium.tsx(204,49): error TS2339: Property 'id' does not exist on type '{ error: string; code?: undefined; success?: undefined; message?: undefined; } | { error: string; code: string; success?: undefined; message?: undefined; } | { success: boolean; message: string; error?: undefined; code?: undefined; }'.
  Property 'id' does not exist on type '{ error: string; code?: undefined; success?: undefined; message?: undefined; }'.
src/components/calculator/solar-calculator-premium.tsx(209,72): error TS2339: Property 'id' does not exist on type '{ error: string; code?: undefined; success?: undefined; message?: undefined; } | { error: string; code: string; success?: undefined; message?: undefined; } | { success: boolean; message: string; error?: undefined; code?: undefined; }'.
  Property 'id' does not exist on type '{ error: string; code?: undefined; success?: undefined; message?: undefined; }'.
src/components/calculator/solar-calculator-premium.tsx(214,44): error TS2339: Property 'gross_cost' does not exist on type 'ROICalculation'.
src/components/calculator/solar-calculator-premium.tsx(264,45): error TS2352: Conversion of type '{ error: string; success?: undefined; url?: undefined; fileName?: undefined; } | { success: boolean; url: any; fileName: string; error?: undefined; }' to type 'Blob' may be a mistake because neither type sufficiently overlaps with the other. If this was intentional, convert the expression to 'unknown' first.
  Type '{ success: boolean; url: any; fileName: string; error?: undefined; }' is missing the following properties from type 'Blob': size, type, arrayBuffer, bytes, and 3 more.
src/components/calculator/solar-calculator-premium.tsx(650,61): error TS2322: Type '{ subsidies: any[]; }' is not assignable to type 'IntrinsicAttributes & SubsidiesPanelProps'.
  Property 'subsidies' does not exist on type 'IntrinsicAttributes & SubsidiesPanelProps'.
src/components/calculator/solar-calculator.tsx(140,32): error TS2339: Property 'id' does not exist on type '{ error: string; code?: undefined; success?: undefined; message?: undefined; } | { error: string; code: string; success?: undefined; message?: undefined; } | { success: boolean; message: string; error?: undefined; code?: undefined; }'.
  Property 'id' does not exist on type '{ error: string; code?: undefined; success?: undefined; message?: undefined; }'.
src/components/calculator/solar-calculator.tsx(141,53): error TS2339: Property 'id' does not exist on type '{ error: string; code?: undefined; success?: undefined; message?: undefined; } | { error: string; code: string; success?: undefined; message?: undefined; } | { success: boolean; message: string; error?: undefined; code?: undefined; }'.
  Property 'id' does not exist on type '{ error: string; code?: undefined; success?: undefined; message?: undefined; }'.
src/components/calculator/solar-calculator.tsx(146,76): error TS2339: Property 'id' does not exist on type '{ error: string; code?: undefined; success?: undefined; message?: undefined; } | { error: string; code: string; success?: undefined; message?: undefined; } | { success: boolean; message: string; error?: undefined; code?: undefined; }'.
  Property 'id' does not exist on type '{ error: string; code?: undefined; success?: undefined; message?: undefined; }'.
src/components/calculator/subsidies-panel.tsx(193,26): error TS18048: 'calculation.total_subsidies' is possibly 'undefined'.
src/components/calculator/subsidies-panel.tsx(204,38): error TS18048: 'calculation.total_subsidies' is possibly 'undefined'.
src/components/customers/client-edit-sheet.tsx(95,29): error TS2339: Property 'name' does not exist on type '{ full_name: string; email?: string | undefined; phone?: string | undefined; nif?: string | undefined; address?: string | undefined; city?: string | undefined; postal_code?: string | undefined; province?: string | undefined; country?: string | undefined; notes?: string | undefined; }'.
src/components/customers/client-edit-sheet.tsx(108,23): error TS2345: Argument of type '{ id: string; organization_id: string | null; created_by: string | null; name: string; email: string | null; phone: string | null; nif: string | null; address: string | null; city: string | null; ... 8 more ...; updated_at: Date; }' is not assignable to parameter of type 'Customer'.
  Property 'full_name' is missing in type '{ id: string; organization_id: string | null; created_by: string | null; name: string; email: string | null; phone: string | null; nif: string | null; address: string | null; city: string | null; ... 8 more ...; updated_at: Date; }' but required in type 'Customer'.
src/components/customers/clients-data-grid.tsx(299,33): error TS2345: Argument of type '(prev: Customer[]) => (Customer | Customer)[]' is not assignable to parameter of type 'SetStateAction<Customer[]>'.
  Type '(prev: Customer[]) => (Customer | Customer)[]' is not assignable to type '(prevState: Customer[]) => Customer[]'.
    Type '(Customer | Customer)[]' is not assignable to type 'Customer[]'.
      Type 'Customer | Customer' is not assignable to type 'Customer'.
        Property 'created_at' is missing in type 'Customer' but required in type 'Customer'.
src/components/customers/clients-data-grid.tsx(311,33): error TS2345: Argument of type '(prev: Customer[]) => (Customer | Customer)[]' is not assignable to parameter of type 'SetStateAction<Customer[]>'.
  Type '(prev: Customer[]) => (Customer | Customer)[]' is not assignable to type '(prevState: Customer[]) => Customer[]'.
    Type '(Customer | Customer)[]' is not assignable to type 'Customer[]'.
      Type 'Customer | Customer' is not assignable to type 'Customer'.
        Property 'created_at' is missing in type 'Customer' but required in type 'Customer'.
src/components/finance/ledger/new-entry-form.tsx(33,9): error TS2322: Type 'Resolver<{ date: string; description: string; lines: { accountId: string; debit?: unknown; credit?: unknown; description?: string | undefined; }[]; reference?: string | undefined; }, any, { date: string; description: string; lines: { ...; }[]; reference?: string | undefined; }>' is not assignable to type 'Resolver<{ date: string; description: string; lines: { accountId: string; debit: number; credit: number; description?: string | undefined; }[]; reference?: string | undefined; }, any, { date: string; description: string; lines: { ...; }[]; reference?: string | undefined; }>'.
  Types of parameters 'options' and 'options' are incompatible.
    Type 'ResolverOptions<{ date: string; description: string; lines: { accountId: string; debit: number; credit: number; description?: string | undefined; }[]; reference?: string | undefined; }>' is not assignable to type 'ResolverOptions<{ date: string; description: string; lines: { accountId: string; debit?: unknown; credit?: unknown; description?: string | undefined; }[]; reference?: string | undefined; }>'.
      Type '{ accountId: string; debit?: unknown; credit?: unknown; description?: string | undefined; }[]' is not assignable to type '{ accountId: string; debit: number; credit: number; description?: string | undefined; }[]'.
        Type '{ accountId: string; debit?: unknown; credit?: unknown; description?: string | undefined; }' is not assignable to type '{ accountId: string; debit: number; credit: number; description?: string | undefined; }'.
          Types of property 'debit' are incompatible.
            Type 'unknown' is not assignable to type 'number'.
src/components/finance/ledger/new-entry-form.tsx(86,47): error TS2345: Argument of type '(data: { date: string; description: string; lines: { accountId: string; debit: number; credit: number; description?: string | undefined; }[]; reference?: string | undefined; }) => Promise<void>' is not assignable to parameter of type 'SubmitHandler<TFieldValues>'.
  Types of parameters 'data' and 'data' are incompatible.
    Type 'TFieldValues' is not assignable to type '{ date: string; description: string; lines: { accountId: string; debit: number; credit: number; description?: string | undefined; }[]; reference?: string | undefined; }'.
      Type 'FieldValues' is missing the following properties from type '{ date: string; description: string; lines: { accountId: string; debit: number; credit: number; description?: string | undefined; }[]; reference?: string | undefined; }': date, description, lines
src/components/finance/ledger/new-entry-form.tsx(89,25): error TS2322: Type 'Control<{ date: string; description: string; lines: { accountId: string; debit: number; credit: number; description?: string | undefined; }[]; reference?: string | undefined; }, any, TFieldValues>' is not assignable to type 'Control<{ date: string; description: string; lines: { accountId: string; debit: number; credit: number; description?: string | undefined; }[]; reference?: string | undefined; }, any, { date: string; description: string; lines: { ...; }[]; reference?: string | undefined; }>'.
  The types of '_options.resolver' are incompatible between these types.
    Type 'Resolver<{ date: string; description: string; lines: { accountId: string; debit: number; credit: number; description?: string | undefined; }[]; reference?: string | undefined; }, any, TFieldValues> | undefined' is not assignable to type 'Resolver<{ date: string; description: string; lines: { accountId: string; debit: number; credit: number; description?: string | undefined; }[]; reference?: string | undefined; }, any, { date: string; description: string; lines: { ...; }[]; reference?: string | undefined; }> | undefined'.
      Type 'Resolver<{ date: string; description: string; lines: { accountId: string; debit: number; credit: number; description?: string | undefined; }[]; reference?: string | undefined; }, any, TFieldValues>' is not assignable to type 'Resolver<{ date: string; description: string; lines: { accountId: string; debit: number; credit: number; description?: string | undefined; }[]; reference?: string | undefined; }, any, { date: string; description: string; lines: { ...; }[]; reference?: string | undefined; }>'.
        Type 'ResolverResult<{ date: string; description: string; lines: { accountId: string; debit: number; credit: number; description?: string | undefined; }[]; reference?: string | undefined; }, TFieldValues> | Promise<...>' is not assignable to type 'ResolverResult<{ date: string; description: string; lines: { accountId: string; debit: number; credit: number; description?: string | undefined; }[]; reference?: string | undefined; }, { date: string; description: string; lines: { ...; }[]; reference?: string | undefined; }> | Promise<...>'.
          Type 'ResolverSuccess<TFieldValues>' is not assignable to type 'ResolverResult<{ date: string; description: string; lines: { accountId: string; debit: number; credit: number; description?: string | undefined; }[]; reference?: string | undefined; }, { date: string; description: string; lines: { ...; }[]; reference?: string | undefined; }> | Promise<...>'.
            Type 'ResolverSuccess<TFieldValues>' is not assignable to type 'ResolverSuccess<{ date: string; description: string; lines: { accountId: string; debit: number; credit: number; description?: string | undefined; }[]; reference?: string | undefined; }>'.
              Type 'TFieldValues' is not assignable to type '{ date: string; description: string; lines: { accountId: string; debit: number; credit: number; description?: string | undefined; }[]; reference?: string | undefined; }'.
                Type 'FieldValues' is missing the following properties from type '{ date: string; description: string; lines: { accountId: string; debit: number; credit: number; description?: string | undefined; }[]; reference?: string | undefined; }': date, description, lines
src/components/finance/ledger/new-entry-form.tsx(102,25): error TS2322: Type 'Control<{ date: string; description: string; lines: { accountId: string; debit: number; credit: number; description?: string | undefined; }[]; reference?: string | undefined; }, any, TFieldValues>' is not assignable to type 'Control<{ date: string; description: string; lines: { accountId: string; debit: number; credit: number; description?: string | undefined; }[]; reference?: string | undefined; }, any, { date: string; description: string; lines: { ...; }[]; reference?: string | undefined; }>'.
  The types of '_options.resolver' are incompatible between these types.
    Type 'Resolver<{ date: string; description: string; lines: { accountId: string; debit: number; credit: number; description?: string | undefined; }[]; reference?: string | undefined; }, any, TFieldValues> | undefined' is not assignable to type 'Resolver<{ date: string; description: string; lines: { accountId: string; debit: number; credit: number; description?: string | undefined; }[]; reference?: string | undefined; }, any, { date: string; description: string; lines: { ...; }[]; reference?: string | undefined; }> | undefined'.
      Type 'Resolver<{ date: string; description: string; lines: { accountId: string; debit: number; credit: number; description?: string | undefined; }[]; reference?: string | undefined; }, any, TFieldValues>' is not assignable to type 'Resolver<{ date: string; description: string; lines: { accountId: string; debit: number; credit: number; description?: string | undefined; }[]; reference?: string | undefined; }, any, { date: string; description: string; lines: { ...; }[]; reference?: string | undefined; }>'.
        Type 'ResolverResult<{ date: string; description: string; lines: { accountId: string; debit: number; credit: number; description?: string | undefined; }[]; reference?: string | undefined; }, TFieldValues> | Promise<...>' is not assignable to type 'ResolverResult<{ date: string; description: string; lines: { accountId: string; debit: number; credit: number; description?: string | undefined; }[]; reference?: string | undefined; }, { date: string; description: string; lines: { ...; }[]; reference?: string | undefined; }> | Promise<...>'.
          Type 'ResolverSuccess<TFieldValues>' is not assignable to type 'ResolverResult<{ date: string; description: string; lines: { accountId: string; debit: number; credit: number; description?: string | undefined; }[]; reference?: string | undefined; }, { date: string; description: string; lines: { ...; }[]; reference?: string | undefined; }> | Promise<...>'.
            Type 'ResolverSuccess<TFieldValues>' is not assignable to type 'ResolverSuccess<{ date: string; description: string; lines: { accountId: string; debit: number; credit: number; description?: string | undefined; }[]; reference?: string | undefined; }>'.
              Type 'TFieldValues' is not assignable to type '{ date: string; description: string; lines: { accountId: string; debit: number; credit: number; description?: string | undefined; }[]; reference?: string | undefined; }'.
                Type 'FieldValues' is missing the following properties from type '{ date: string; description: string; lines: { accountId: string; debit: number; credit: number; description?: string | undefined; }[]; reference?: string | undefined; }': date, description, lines
src/components/finance/ledger/new-entry-form.tsx(129,41): error TS2322: Type 'Control<{ date: string; description: string; lines: { accountId: string; debit: number; credit: number; description?: string | undefined; }[]; reference?: string | undefined; }, any, TFieldValues>' is not assignable to type 'Control<{ date: string; description: string; lines: { accountId: string; debit: number; credit: number; description?: string | undefined; }[]; reference?: string | undefined; }, any, { date: string; description: string; lines: { ...; }[]; reference?: string | undefined; }>'.
  The types of '_options.resolver' are incompatible between these types.
    Type 'Resolver<{ date: string; description: string; lines: { accountId: string; debit: number; credit: number; description?: string | undefined; }[]; reference?: string | undefined; }, any, TFieldValues> | undefined' is not assignable to type 'Resolver<{ date: string; description: string; lines: { accountId: string; debit: number; credit: number; description?: string | undefined; }[]; reference?: string | undefined; }, any, { date: string; description: string; lines: { ...; }[]; reference?: string | undefined; }> | undefined'.
      Type 'Resolver<{ date: string; description: string; lines: { accountId: string; debit: number; credit: number; description?: string | undefined; }[]; reference?: string | undefined; }, any, TFieldValues>' is not assignable to type 'Resolver<{ date: string; description: string; lines: { accountId: string; debit: number; credit: number; description?: string | undefined; }[]; reference?: string | undefined; }, any, { date: string; description: string; lines: { ...; }[]; reference?: string | undefined; }>'.
        Type 'ResolverResult<{ date: string; description: string; lines: { accountId: string; debit: number; credit: number; description?: string | undefined; }[]; reference?: string | undefined; }, TFieldValues> | Promise<...>' is not assignable to type 'ResolverResult<{ date: string; description: string; lines: { accountId: string; debit: number; credit: number; description?: string | undefined; }[]; reference?: string | undefined; }, { date: string; description: string; lines: { ...; }[]; reference?: string | undefined; }> | Promise<...>'.
          Type 'ResolverSuccess<TFieldValues>' is not assignable to type 'ResolverResult<{ date: string; description: string; lines: { accountId: string; debit: number; credit: number; description?: string | undefined; }[]; reference?: string | undefined; }, { date: string; description: string; lines: { ...; }[]; reference?: string | undefined; }> | Promise<...>'.
            Type 'ResolverSuccess<TFieldValues>' is not assignable to type 'ResolverSuccess<{ date: string; description: string; lines: { accountId: string; debit: number; credit: number; description?: string | undefined; }[]; reference?: string | undefined; }>'.
              Type 'TFieldValues' is not assignable to type '{ date: string; description: string; lines: { accountId: string; debit: number; credit: number; description?: string | undefined; }[]; reference?: string | undefined; }'.
                Type 'FieldValues' is missing the following properties from type '{ date: string; description: string; lines: { accountId: string; debit: number; credit: number; description?: string | undefined; }[]; reference?: string | undefined; }': date, description, lines
src/components/finance/ledger/new-entry-form.tsx(155,41): error TS2322: Type 'Control<{ date: string; description: string; lines: { accountId: string; debit: number; credit: number; description?: string | undefined; }[]; reference?: string | undefined; }, any, TFieldValues>' is not assignable to type 'Control<{ date: string; description: string; lines: { accountId: string; debit: number; credit: number; description?: string | undefined; }[]; reference?: string | undefined; }, any, { date: string; description: string; lines: { ...; }[]; reference?: string | undefined; }>'.
  The types of '_options.resolver' are incompatible between these types.
    Type 'Resolver<{ date: string; description: string; lines: { accountId: string; debit: number; credit: number; description?: string | undefined; }[]; reference?: string | undefined; }, any, TFieldValues> | undefined' is not assignable to type 'Resolver<{ date: string; description: string; lines: { accountId: string; debit: number; credit: number; description?: string | undefined; }[]; reference?: string | undefined; }, any, { date: string; description: string; lines: { ...; }[]; reference?: string | undefined; }> | undefined'.
      Type 'Resolver<{ date: string; description: string; lines: { accountId: string; debit: number; credit: number; description?: string | undefined; }[]; reference?: string | undefined; }, any, TFieldValues>' is not assignable to type 'Resolver<{ date: string; description: string; lines: { accountId: string; debit: number; credit: number; description?: string | undefined; }[]; reference?: string | undefined; }, any, { date: string; description: string; lines: { ...; }[]; reference?: string | undefined; }>'.
        Type 'ResolverResult<{ date: string; description: string; lines: { accountId: string; debit: number; credit: number; description?: string | undefined; }[]; reference?: string | undefined; }, TFieldValues> | Promise<...>' is not assignable to type 'ResolverResult<{ date: string; description: string; lines: { accountId: string; debit: number; credit: number; description?: string | undefined; }[]; reference?: string | undefined; }, { date: string; description: string; lines: { ...; }[]; reference?: string | undefined; }> | Promise<...>'.
          Type 'ResolverSuccess<TFieldValues>' is not assignable to type 'ResolverResult<{ date: string; description: string; lines: { accountId: string; debit: number; credit: number; description?: string | undefined; }[]; reference?: string | undefined; }, { date: string; description: string; lines: { ...; }[]; reference?: string | undefined; }> | Promise<...>'.
            Type 'ResolverSuccess<TFieldValues>' is not assignable to type 'ResolverSuccess<{ date: string; description: string; lines: { accountId: string; debit: number; credit: number; description?: string | undefined; }[]; reference?: string | undefined; }>'.
              Type 'TFieldValues' is not assignable to type '{ date: string; description: string; lines: { accountId: string; debit: number; credit: number; description?: string | undefined; }[]; reference?: string | undefined; }'.
                Type 'FieldValues' is missing the following properties from type '{ date: string; description: string; lines: { accountId: string; debit: number; credit: number; description?: string | undefined; }[]; reference?: string | undefined; }': date, description, lines
src/components/finance/ledger/new-entry-form.tsx(169,41): error TS2322: Type 'Control<{ date: string; description: string; lines: { accountId: string; debit: number; credit: number; description?: string | undefined; }[]; reference?: string | undefined; }, any, TFieldValues>' is not assignable to type 'Control<{ date: string; description: string; lines: { accountId: string; debit: number; credit: number; description?: string | undefined; }[]; reference?: string | undefined; }, any, { date: string; description: string; lines: { ...; }[]; reference?: string | undefined; }>'.
  The types of '_options.resolver' are incompatible between these types.
    Type 'Resolver<{ date: string; description: string; lines: { accountId: string; debit: number; credit: number; description?: string | undefined; }[]; reference?: string | undefined; }, any, TFieldValues> | undefined' is not assignable to type 'Resolver<{ date: string; description: string; lines: { accountId: string; debit: number; credit: number; description?: string | undefined; }[]; reference?: string | undefined; }, any, { date: string; description: string; lines: { ...; }[]; reference?: string | undefined; }> | undefined'.
      Type 'Resolver<{ date: string; description: string; lines: { accountId: string; debit: number; credit: number; description?: string | undefined; }[]; reference?: string | undefined; }, any, TFieldValues>' is not assignable to type 'Resolver<{ date: string; description: string; lines: { accountId: string; debit: number; credit: number; description?: string | undefined; }[]; reference?: string | undefined; }, any, { date: string; description: string; lines: { ...; }[]; reference?: string | undefined; }>'.
        Type 'ResolverResult<{ date: string; description: string; lines: { accountId: string; debit: number; credit: number; description?: string | undefined; }[]; reference?: string | undefined; }, TFieldValues> | Promise<...>' is not assignable to type 'ResolverResult<{ date: string; description: string; lines: { accountId: string; debit: number; credit: number; description?: string | undefined; }[]; reference?: string | undefined; }, { date: string; description: string; lines: { ...; }[]; reference?: string | undefined; }> | Promise<...>'.
          Type 'ResolverSuccess<TFieldValues>' is not assignable to type 'ResolverResult<{ date: string; description: string; lines: { accountId: string; debit: number; credit: number; description?: string | undefined; }[]; reference?: string | undefined; }, { date: string; description: string; lines: { ...; }[]; reference?: string | undefined; }> | Promise<...>'.
            Type 'ResolverSuccess<TFieldValues>' is not assignable to type 'ResolverSuccess<{ date: string; description: string; lines: { accountId: string; debit: number; credit: number; description?: string | undefined; }[]; reference?: string | undefined; }>'.
              Type 'TFieldValues' is not assignable to type '{ date: string; description: string; lines: { accountId: string; debit: number; credit: number; description?: string | undefined; }[]; reference?: string | undefined; }'.
                Type 'FieldValues' is missing the following properties from type '{ date: string; description: string; lines: { accountId: string; debit: number; credit: number; description?: string | undefined; }[]; reference?: string | undefined; }': date, description, lines
src/components/finance/ledger/new-entry-form.tsx(183,41): error TS2322: Type 'Control<{ date: string; description: string; lines: { accountId: string; debit: number; credit: number; description?: string | undefined; }[]; reference?: string | undefined; }, any, TFieldValues>' is not assignable to type 'Control<{ date: string; description: string; lines: { accountId: string; debit: number; credit: number; description?: string | undefined; }[]; reference?: string | undefined; }, any, { date: string; description: string; lines: { ...; }[]; reference?: string | undefined; }>'.
  The types of '_options.resolver' are incompatible between these types.
    Type 'Resolver<{ date: string; description: string; lines: { accountId: string; debit: number; credit: number; description?: string | undefined; }[]; reference?: string | undefined; }, any, TFieldValues> | undefined' is not assignable to type 'Resolver<{ date: string; description: string; lines: { accountId: string; debit: number; credit: number; description?: string | undefined; }[]; reference?: string | undefined; }, any, { date: string; description: string; lines: { ...; }[]; reference?: string | undefined; }> | undefined'.
      Type 'Resolver<{ date: string; description: string; lines: { accountId: string; debit: number; credit: number; description?: string | undefined; }[]; reference?: string | undefined; }, any, TFieldValues>' is not assignable to type 'Resolver<{ date: string; description: string; lines: { accountId: string; debit: number; credit: number; description?: string | undefined; }[]; reference?: string | undefined; }, any, { date: string; description: string; lines: { ...; }[]; reference?: string | undefined; }>'.
        Type 'ResolverResult<{ date: string; description: string; lines: { accountId: string; debit: number; credit: number; description?: string | undefined; }[]; reference?: string | undefined; }, TFieldValues> | Promise<...>' is not assignable to type 'ResolverResult<{ date: string; description: string; lines: { accountId: string; debit: number; credit: number; description?: string | undefined; }[]; reference?: string | undefined; }, { date: string; description: string; lines: { ...; }[]; reference?: string | undefined; }> | Promise<...>'.
          Type 'ResolverSuccess<TFieldValues>' is not assignable to type 'ResolverResult<{ date: string; description: string; lines: { accountId: string; debit: number; credit: number; description?: string | undefined; }[]; reference?: string | undefined; }, { date: string; description: string; lines: { ...; }[]; reference?: string | undefined; }> | Promise<...>'.
            Type 'ResolverSuccess<TFieldValues>' is not assignable to type 'ResolverSuccess<{ date: string; description: string; lines: { accountId: string; debit: number; credit: number; description?: string | undefined; }[]; reference?: string | undefined; }>'.
              Type 'TFieldValues' is not assignable to type '{ date: string; description: string; lines: { accountId: string; debit: number; credit: number; description?: string | undefined; }[]; reference?: string | undefined; }'.
                Type 'FieldValues' is missing the following properties from type '{ date: string; description: string; lines: { accountId: string; debit: number; credit: number; description?: string | undefined; }[]; reference?: string | undefined; }': date, description, lines
src/components/forms/register-form.tsx(9,10): error TS2305: Module '"@/lib/actions/auth-actions"' has no exported member 'registerUser'.
src/components/invoices/create-invoice-form.tsx(101,44): error TS18048: 'data' is possibly 'undefined'.
src/components/portal/client-login-form.tsx(38,50): error TS2345: Argument of type 'string | null' is not assignable to parameter of type 'string'.
  Type 'null' is not assignable to type 'string'.
src/components/premium/optimistic-action.tsx(112,19): error TS2349: This expression is not callable.
  Type 'never' has no call signatures.
src/components/premium/optimistic-action.tsx(114,21): error TS2769: No overload matches this call.
  The last overload gave the following error.
    Object literal may only specify known properties, and 'onClick' does not exist in type 'Partial<unknown> & Attributes'.
src/components/projects/cadastral-locator.tsx(6,10): error TS2305: Module '"@/lib/actions/projects"' has no exported member 'enrichProjectWithCadastre'.
src/components/shared/csv-importer.tsx(62,20): error TS2769: No overload matches this call.
  The last overload gave the following error.
    Argument of type 'File' is not assignable to parameter of type 'unique symbol'.
src/components/team/advanced-member-wizard.tsx(66,9): error TS2719: Type 'import("C:/Projects/DOS ANTIGRAVITY/solistech-pro/node_modules/react-hook-form/dist/types/resolvers").Resolver<{ step1: { fullName: string; email: string; phone?: string | undefined; emergencyContact?: { name: string; phone: string; relation?: string | undefined; } | undefined; }; step2: { roleId?: string | undefine...' is not assignable to type 'import("C:/Projects/DOS ANTIGRAVITY/solistech-pro/node_modules/react-hook-form/dist/types/resolvers").Resolver<{ step1: { fullName: string; email: string; phone?: string | undefined; emergencyContact?: { name: string; phone: string; relation?: string | undefined; } | undefined; }; step2: { roleId?: string | undefine...'. Two different types with this name exist, but they are unrelated.
  Types of parameters 'options' and 'options' are incompatible.
    Type 'import("C:/Projects/DOS ANTIGRAVITY/solistech-pro/node_modules/react-hook-form/dist/types/resolvers").ResolverOptions<{ step1: { fullName: string; email: string; phone?: string | undefined; emergencyContact?: { name: string; phone: string; relation?: string | undefined; } | undefined; }; step2: { roleId?: string | u...' is not assignable to type 'import("C:/Projects/DOS ANTIGRAVITY/solistech-pro/node_modules/react-hook-form/dist/types/resolvers").ResolverOptions<{ step1: { fullName: string; email: string; phone?: string | undefined; emergencyContact?: { name: string; phone: string; relation?: string | undefined; } | undefined; }; step2: { roleId?: string | u...'. Two different types with this name exist, but they are unrelated.
      Type '{ type: "PRL" | "ALTURA" | "ELECTRICIDAD_BAJA" | "CONDUCIR" | "OTRO"; name: string; issueDate: Date; expiryDate: Date; file?: any; }[] | undefined' is not assignable to type '{ type: "PRL" | "ALTURA" | "ELECTRICIDAD_BAJA" | "CONDUCIR" | "OTRO"; name: string; issueDate: Date; expiryDate: Date; file?: any; }[]'.
        Type 'undefined' is not assignable to type '{ type: "PRL" | "ALTURA" | "ELECTRICIDAD_BAJA" | "CONDUCIR" | "OTRO"; name: string; issueDate: Date; expiryDate: Date; file?: any; }[]'.
src/components/time-tracking/time-clock-widget.tsx(21,5): error TS2305: Module '"@/lib/actions/time-tracking"' has no exported member 'getCurrentStatus'.
src/components/time-tracking/time-clock-widget.tsx(22,5): error TS2305: Module '"@/lib/actions/time-tracking"' has no exported member 'clockIn'.
src/components/time-tracking/time-clock-widget.tsx(23,5): error TS2305: Module '"@/lib/actions/time-tracking"' has no exported member 'clockOut'.
src/components/time-tracking/time-clock-widget.tsx(24,5): error TS2305: Module '"@/lib/actions/time-tracking"' has no exported member 'startBreak'.
src/components/time-tracking/time-clock-widget.tsx(25,5): error TS2305: Module '"@/lib/actions/time-tracking"' has no exported member 'endBreak'.
src/components/time-tracking/time-clock-widget.tsx(26,5): error TS2305: Module '"@/lib/actions/time-tracking"' has no exported member 'getMonthlyStats'.
src/components/tools/cadastre-widget.tsx(4,10): error TS2305: Module '"@/lib/actions/projects"' has no exported member 'enrichProjectWithCadastre'.
src/components/ui/calendar.tsx(63,17): error TS2353: Object literal may only specify known properties, and 'IconLeft' does not exist in type 'Partial<CustomComponents>'.
src/lib/actions/__tests__/geolocation.test.ts(1,40): error TS2307: Cannot find module 'vitest' or its corresponding type declarations.
src/lib/actions/admin-users.ts(56,43): error TS2551: Property 'User' does not exist on type 'PrismaClient<PrismaClientOptions, never, DefaultArgs>'. Did you mean 'user'?
src/lib/actions/admin-users.ts(68,38): error TS2551: Property 'User' does not exist on type 'PrismaClient<PrismaClientOptions, never, DefaultArgs>'. Did you mean 'user'?
src/lib/actions/admin-users.ts(118,22): error TS2551: Property 'User' does not exist on type 'PrismaClient<PrismaClientOptions, never, DefaultArgs>'. Did you mean 'user'?
src/lib/actions/admin-users.ts(144,22): error TS2551: Property 'User' does not exist on type 'PrismaClient<PrismaClientOptions, never, DefaultArgs>'. Did you mean 'user'?
src/lib/actions/admin-users.ts(165,22): error TS2551: Property 'User' does not exist on type 'PrismaClient<PrismaClientOptions, never, DefaultArgs>'. Did you mean 'user'?
src/lib/actions/admin.ts(24,22): error TS2551: Property 'User' does not exist on type 'PrismaClient<PrismaClientOptions, never, DefaultArgs>'. Did you mean 'user'?
src/lib/actions/admin.ts(30,35): error TS2551: Property 'User' does not exist on type 'PrismaClient<PrismaClientOptions, never, DefaultArgs>'. Did you mean 'user'?
src/lib/actions/admin.ts(43,17): error TS2322: Type '{ name: string; email: string | undefined; subscription_plan: string; subscription_status: string; }' is not assignable to type '(Without<organizationsCreateInput, organizationsUncheckedCreateInput> & organizationsUncheckedCreateInput) | (Without<...> & organizationsCreateInput)'.
  Type '{ name: string; email: string | undefined; subscription_plan: string; subscription_status: string; }' is not assignable to type 'Without<organizationsUncheckedCreateInput, organizationsCreateInput> & organizationsCreateInput'.
    Property 'slug' is missing in type '{ name: string; email: string | undefined; subscription_plan: string; subscription_status: string; }' but required in type 'organizationsCreateInput'.
src/lib/actions/admin.ts(52,26): error TS2551: Property 'User' does not exist on type 'PrismaClient<PrismaClientOptions, never, DefaultArgs>'. Did you mean 'user'?
src/lib/actions/advanced-user-management.ts(29,37): error TS2551: Property 'User' does not exist on type 'PrismaClient<PrismaClientOptions, never, DefaultArgs>'. Did you mean 'user'?
src/lib/actions/advanced-user-management.ts(71,38): error TS2551: Property 'User' does not exist on type 'PrismaClient<PrismaClientOptions, never, DefaultArgs>'. Did you mean 'user'?
src/lib/actions/ai-generation.ts(184,28): error TS2304: Cannot find name 'createClient'.
src/lib/actions/billing.ts(15,31): error TS2551: Property 'User' does not exist on type 'PrismaClient<PrismaClientOptions, never, DefaultArgs>'. Did you mean 'user'?
src/lib/actions/billing.ts(59,31): error TS2551: Property 'User' does not exist on type 'PrismaClient<PrismaClientOptions, never, DefaultArgs>'. Did you mean 'user'?
src/lib/actions/billing.ts(109,31): error TS2551: Property 'User' does not exist on type 'PrismaClient<PrismaClientOptions, never, DefaultArgs>'. Did you mean 'user'?
src/lib/actions/calculate-grant.ts(77,28): error TS2304: Cannot find name 'createClient'.
src/lib/actions/calculate-grant.ts(186,28): error TS2304: Cannot find name 'createClient'.
src/lib/actions/calculate-grant.ts(205,28): error TS2304: Cannot find name 'createClient'.
src/lib/actions/calculate-grant.ts(230,28): error TS2304: Cannot find name 'createClient'.
src/lib/actions/calculator.ts(35,37): error TS2551: Property 'User' does not exist on type 'PrismaClient<PrismaClientOptions, never, DefaultArgs>'. Did you mean 'user'?
src/lib/actions/client-portal.ts(169,31): error TS2551: Property 'User' does not exist on type 'PrismaClient<PrismaClientOptions, never, DefaultArgs>'. Did you mean 'user'?
src/lib/actions/client-portal.ts(239,31): error TS2551: Property 'User' does not exist on type 'PrismaClient<PrismaClientOptions, never, DefaultArgs>'. Did you mean 'user'?
src/lib/actions/client-portal.ts(387,31): error TS2551: Property 'User' does not exist on type 'PrismaClient<PrismaClientOptions, never, DefaultArgs>'. Did you mean 'user'?
src/lib/actions/client-portal.ts(425,31): error TS2551: Property 'User' does not exist on type 'PrismaClient<PrismaClientOptions, never, DefaultArgs>'. Did you mean 'user'?
src/lib/actions/crm.ts(118,17): error TS2322: Type 'string | null' is not assignable to type 'string | UuidFilter<"leads"> | undefined'.
  Type 'null' is not assignable to type 'string | UuidFilter<"leads"> | undefined'.
src/lib/actions/data-actions.ts(34,42): error TS2551: Property 'User' does not exist on type 'PrismaClient<PrismaClientOptions, never, DefaultArgs>'. Did you mean 'user'?
src/lib/actions/documents.ts(10,28): error TS2304: Cannot find name 'createClient'.
src/lib/actions/employees.ts(38,41): error TS2551: Property 'User' does not exist on type 'PrismaClient<PrismaClientOptions, never, DefaultArgs>'. Did you mean 'user'?
src/lib/actions/employees.ts(63,43): error TS2551: Property 'User' does not exist on type 'PrismaClient<PrismaClientOptions, never, DefaultArgs>'. Did you mean 'user'?
src/lib/actions/employees.ts(75,42): error TS2551: Property 'User' does not exist on type 'PrismaClient<PrismaClientOptions, never, DefaultArgs>'. Did you mean 'user'?
src/lib/actions/employees.ts(106,31): error TS2551: Property 'User' does not exist on type 'PrismaClient<PrismaClientOptions, never, DefaultArgs>'. Did you mean 'user'?
src/lib/actions/expenses.ts(25,35): error TS2551: Property 'User' does not exist on type 'PrismaClient<PrismaClientOptions, never, DefaultArgs>'. Did you mean 'user'?
src/lib/actions/expenses.ts(73,35): error TS2551: Property 'User' does not exist on type 'PrismaClient<PrismaClientOptions, never, DefaultArgs>'. Did you mean 'user'?
src/lib/actions/expenses.ts(123,31): error TS2551: Property 'User' does not exist on type 'PrismaClient<PrismaClientOptions, never, DefaultArgs>'. Did you mean 'user'?
src/lib/actions/help.ts(22,28): error TS2304: Cannot find name 'createClient'.
src/lib/actions/help.ts(58,28): error TS2304: Cannot find name 'createClient'.
src/lib/actions/help.ts(77,28): error TS2304: Cannot find name 'createClient'.
src/lib/actions/import-detection.ts(391,28): error TS2304: Cannot find name 'createClient'.
src/lib/actions/import-detection.ts(434,28): error TS2304: Cannot find name 'createClient'.
src/lib/actions/import-processing.ts(102,27): error TS2339: Property 'errors' does not exist on type 'ZodError<any>'.
src/lib/actions/import-processing.ts(135,28): error TS2304: Cannot find name 'createClient'.
src/lib/actions/import-processing.ts(425,28): error TS2304: Cannot find name 'createClient'.
src/lib/actions/import-processing.ts(449,28): error TS2304: Cannot find name 'createClient'.
src/lib/actions/import.ts(23,34): error TS2551: Property 'User' does not exist on type 'PrismaClient<PrismaClientOptions, never, DefaultArgs>'. Did you mean 'user'?
src/lib/actions/import.ts(54,21): error TS2322: Type '{ street: string | null; city: string | null; postal_code: string | null; country: string; }' is not assignable to type 'string'.
src/lib/actions/import.ts(96,21): error TS2561: Object literal may only specify known properties, but 'created_by' does not exist in type 'Without<leadsCreateInput, leadsUncheckedCreateInput> & leadsUncheckedCreateInput'. Did you mean to write 'created_at'?
src/lib/actions/import.ts(280,43): error TS2339: Property 'components' does not exist on type 'PrismaClient<PrismaClientOptions, never, DefaultArgs>'.
src/lib/actions/import.ts(285,30): error TS2339: Property 'components' does not exist on type 'PrismaClient<PrismaClientOptions, never, DefaultArgs>'.
src/lib/actions/import.ts(290,30): error TS2339: Property 'components' does not exist on type 'PrismaClient<PrismaClientOptions, never, DefaultArgs>'.
src/lib/actions/inventory.ts(30,37): error TS2551: Property 'User' does not exist on type 'PrismaClient<PrismaClientOptions, never, DefaultArgs>'. Did you mean 'user'?
src/lib/actions/invoice-pdf.ts(7,28): error TS2304: Cannot find name 'createClient'.
src/lib/actions/leads.ts(24,31): error TS2551: Property 'User' does not exist on type 'PrismaClient<PrismaClientOptions, never, DefaultArgs>'. Did you mean 'user'?
src/lib/actions/leads.ts(45,42): error TS2339: Property 'errors' does not exist on type 'ZodError<{ name: string; source: string; status: string; email?: string | undefined; phone?: string | undefined; company?: string | undefined; estimated_value?: number | undefined; notes?: string | undefined; }>'.
src/lib/actions/leads.ts(69,31): error TS2551: Property 'User' does not exist on type 'PrismaClient<PrismaClientOptions, never, DefaultArgs>'. Did you mean 'user'?
src/lib/actions/leads.ts(107,31): error TS2551: Property 'User' does not exist on type 'PrismaClient<PrismaClientOptions, never, DefaultArgs>'. Did you mean 'user'?
src/lib/actions/leads.ts(148,46): error TS2339: Property 'errors' does not exist on type 'ZodError<{ name?: string | undefined; email?: string | undefined; phone?: string | undefined; company?: string | undefined; source?: string | undefined; status?: string | undefined; estimated_value?: number | undefined; notes?: string | undefined; }>'.
src/lib/actions/municipal-benefits-search.ts(7,28): error TS2304: Cannot find name 'createClient'.
src/lib/actions/municipal-benefits-search.ts(24,28): error TS2304: Cannot find name 'createClient'.
src/lib/actions/municipal-benefits-search.ts(46,28): error TS2304: Cannot find name 'createClient'.
src/lib/actions/municipal-benefits-search.ts(65,28): error TS2304: Cannot find name 'createClient'.
src/lib/actions/municipal-benefits.ts(69,28): error TS2304: Cannot find name 'createClient'.
src/lib/actions/municipal-benefits.ts(138,28): error TS2304: Cannot find name 'createClient'.
src/lib/actions/municipal-benefits.ts(152,31): error TS7006: Parameter 'b' implicitly has an 'any' type.
src/lib/actions/municipal-benefits.ts(153,31): error TS7006: Parameter 'b' implicitly has an 'any' type.
src/lib/actions/municipal-benefits.ts(154,32): error TS7006: Parameter 'b' implicitly has an 'any' type.
src/lib/actions/municipal-benefits.ts(174,28): error TS2304: Cannot find name 'createClient'.
src/lib/actions/organization-onboarding.ts(31,42): error TS2339: Property 'errors' does not exist on type 'ZodError<{ name: string; tax_id?: string | undefined; }>'.
src/lib/actions/organization-onboarding.ts(38,39): error TS2551: Property 'User' does not exist on type 'PrismaClient<PrismaClientOptions, never, DefaultArgs>'. Did you mean 'user'?
src/lib/actions/organization-onboarding.ts(92,22): error TS2551: Property 'users' does not exist on type 'Omit<PrismaClient<PrismaClientOptions, never, DefaultArgs>, "$extends" | "$transaction" | "$disconnect" | "$connect" | "$on" | "$use">'. Did you mean 'user'?
src/lib/actions/organization-settings.ts(58,35): error TS2551: Property 'User' does not exist on type 'PrismaClient<PrismaClientOptions, never, DefaultArgs>'. Did you mean 'user'?
src/lib/actions/organization-settings.ts(105,35): error TS2551: Property 'User' does not exist on type 'PrismaClient<PrismaClientOptions, never, DefaultArgs>'. Did you mean 'user'?
src/lib/actions/organization-settings.ts(157,35): error TS2551: Property 'User' does not exist on type 'PrismaClient<PrismaClientOptions, never, DefaultArgs>'. Did you mean 'user'?
src/lib/actions/payment-settings.ts(27,34): error TS2551: Property 'User' does not exist on type 'PrismaClient<PrismaClientOptions, never, DefaultArgs>'. Did you mean 'user'?
src/lib/actions/payments.ts(25,34): error TS2551: Property 'User' does not exist on type 'PrismaClient<PrismaClientOptions, never, DefaultArgs>'. Did you mean 'user'?
src/lib/actions/presentation-generator.ts(12,34): error TS2551: Property 'User' does not exist on type 'PrismaClient<PrismaClientOptions, never, DefaultArgs>'. Did you mean 'user'?
src/lib/actions/presentation-generator.ts(53,21): error TS2322: Type 'number | Decimal' is not assignable to type 'number'.
  Type 'Decimal' is not assignable to type 'number'.
src/lib/actions/presentation-generator.ts(88,13): error TS2322: Type 'number | Decimal' is not assignable to type 'number'.
  Type 'Decimal' is not assignable to type 'number'.
src/lib/actions/presentation-generator.ts(92,13): error TS2322: Type 'number | Decimal' is not assignable to type 'number'.
  Type 'Decimal' is not assignable to type 'number'.
src/lib/actions/presentation-generator.ts(110,42): error TS2353: Object literal may only specify known properties, and 'generation_error' does not exist in type '(Without<presentationsUpdateInput, presentationsUncheckedUpdateInput> & presentationsUncheckedUpdateInput) | (Without<...> & presentationsUpdateInput)'.
src/lib/actions/presentation-generator.ts(123,17): error TS2353: Object literal may only specify known properties, and 'pptx_file_size' does not exist in type '(Without<presentationsUpdateInput, presentationsUncheckedUpdateInput> & presentationsUncheckedUpdateInput) | (Without<...> & presentationsUpdateInput)'.
src/lib/actions/presentation-generator.ts(165,17): error TS2353: Object literal may only specify known properties, and 'sent_at' does not exist in type '(Without<presentationsUpdateInput, presentationsUncheckedUpdateInput> & presentationsUncheckedUpdateInput) | (Without<...> & presentationsUpdateInput)'.
src/lib/actions/project-assignment.ts(17,41): error TS2551: Property 'User' does not exist on type 'PrismaClient<PrismaClientOptions, never, DefaultArgs>'. Did you mean 'user'?
src/lib/actions/roi-calculator.ts(12,28): error TS2304: Cannot find name 'createClient'.
src/lib/actions/roi-calculator.ts(142,28): error TS2304: Cannot find name 'createClient'.
src/lib/actions/roi-calculator.ts(202,28): error TS2304: Cannot find name 'createClient'.
src/lib/actions/sales-actions.ts(35,35): error TS2551: Property 'User' does not exist on type 'PrismaClient<PrismaClientOptions, never, DefaultArgs>'. Did you mean 'user'?
src/lib/actions/settings.ts(70,18): error TS2551: Property 'User' does not exist on type 'PrismaClient<PrismaClientOptions, never, DefaultArgs>'. Did you mean 'user'?
src/lib/actions/solar-core.ts(61,31): error TS2551: Property 'User' does not exist on type 'PrismaClient<PrismaClientOptions, never, DefaultArgs>'. Did you mean 'user'?
src/lib/actions/solar-core.ts(153,31): error TS2551: Property 'User' does not exist on type 'PrismaClient<PrismaClientOptions, never, DefaultArgs>'. Did you mean 'user'?
src/lib/actions/solar-core.ts(271,31): error TS2551: Property 'User' does not exist on type 'PrismaClient<PrismaClientOptions, never, DefaultArgs>'. Did you mean 'user'?
src/lib/actions/subscriptions.ts(19,31): error TS2551: Property 'User' does not exist on type 'PrismaClient<PrismaClientOptions, never, DefaultArgs>'. Did you mean 'user'?
src/lib/actions/subscriptions.ts(59,31): error TS2551: Property 'User' does not exist on type 'PrismaClient<PrismaClientOptions, never, DefaultArgs>'. Did you mean 'user'?
src/lib/actions/subscriptions.ts(124,31): error TS2551: Property 'User' does not exist on type 'PrismaClient<PrismaClientOptions, never, DefaultArgs>'. Did you mean 'user'?
src/lib/actions/subscriptions.ts(222,31): error TS2551: Property 'User' does not exist on type 'PrismaClient<PrismaClientOptions, never, DefaultArgs>'. Did you mean 'user'?
src/lib/actions/subscriptions.ts(290,31): error TS2551: Property 'User' does not exist on type 'PrismaClient<PrismaClientOptions, never, DefaultArgs>'. Did you mean 'user'?
src/lib/actions/super-admin.ts(17,35): error TS2551: Property 'User' does not exist on type 'PrismaClient<PrismaClientOptions, never, DefaultArgs>'. Did you mean 'user'?
src/lib/actions/team-management.ts(37,37): error TS2551: Property 'User' does not exist on type 'PrismaClient<PrismaClientOptions, never, DefaultArgs>'. Did you mean 'user'?
src/lib/actions/team-management.ts(65,45): error TS2339: Property 'errors' does not exist on type 'ZodError<{ email: string; fullName: string; roleId: string; organizationId: string; }>'.
src/lib/actions/team-management.ts(91,22): error TS2551: Property 'User' does not exist on type 'PrismaClient<PrismaClientOptions, never, DefaultArgs>'. Did you mean 'user'?
src/lib/actions/team-management.ts(135,38): error TS2551: Property 'User' does not exist on type 'PrismaClient<PrismaClientOptions, never, DefaultArgs>'. Did you mean 'user'?
src/lib/actions/team-management.ts(146,21): error TS7006: Parameter 'user' implicitly has an 'any' type.
src/lib/actions/team-management.ts(147,18): error TS7006: Parameter 'user' implicitly has an 'any' type.
src/lib/actions/technical-memory.ts(11,28): error TS2304: Cannot find name 'createClient'.
src/lib/actions/technical-memory.ts(84,32): error TS2345: Argument of type '{ projectName: any; customerName: any; customerEmail: any; customerPhone: any; projectAddress: any; systemSizeKwp: any; panelCount: any; panelModel: any; panelPowerWp: any; inverterModel: any; ... 13 more ...; date: string; }' is not assignable to parameter of type '{ data: TechnicalData; }'.
  Property 'data' is missing in type '{ projectName: any; customerName: any; customerEmail: any; customerPhone: any; projectAddress: any; systemSizeKwp: any; panelCount: any; panelModel: any; panelPowerWp: any; inverterModel: any; ... 13 more ...; date: string; }' but required in type '{ data: TechnicalData; }'.
src/lib/actions/time-tracking-admin.ts(49,31): error TS2551: Property 'User' does not exist on type 'PrismaClient<PrismaClientOptions, never, DefaultArgs>'. Did you mean 'user'?
src/lib/actions/user-actions.ts(21,45): error TS2551: Property 'User' does not exist on type 'PrismaClient<PrismaClientOptions, never, DefaultArgs>'. Did you mean 'user'?
src/lib/actions/user-actions.ts(29,32): error TS2551: Property 'User' does not exist on type 'PrismaClient<PrismaClientOptions, never, DefaultArgs>'. Did you mean 'user'?
src/lib/actions/user-actions.ts(56,47): error TS2551: Property 'User' does not exist on type 'PrismaClient<PrismaClientOptions, never, DefaultArgs>'. Did you mean 'user'?
src/lib/actions/user-actions.ts(66,44): error TS2551: Property 'User' does not exist on type 'PrismaClient<PrismaClientOptions, never, DefaultArgs>'. Did you mean 'user'?
src/lib/actions/user-actions.ts(80,22): error TS2551: Property 'User' does not exist on type 'PrismaClient<PrismaClientOptions, never, DefaultArgs>'. Did you mean 'user'?
src/lib/actions/user-actions.ts(105,36): error TS2551: Property 'User' does not exist on type 'PrismaClient<PrismaClientOptions, never, DefaultArgs>'. Did you mean 'user'?
src/lib/actions/user-actions.ts(149,22): error TS2551: Property 'User' does not exist on type 'PrismaClient<PrismaClientOptions, never, DefaultArgs>'. Did you mean 'user'?
src/lib/actions/userActions.ts(23,47): error TS2551: Property 'User' does not exist on type 'PrismaClient<PrismaClientOptions, never, DefaultArgs>'. Did you mean 'user'?
src/lib/actions/userActions.ts(44,44): error TS2551: Property 'User' does not exist on type 'PrismaClient<PrismaClientOptions, never, DefaultArgs>'. Did you mean 'user'?
src/lib/actions/userActions.ts(58,22): error TS2551: Property 'User' does not exist on type 'PrismaClient<PrismaClientOptions, never, DefaultArgs>'. Did you mean 'user'?
src/lib/auth.ts(84,43): error TS2551: Property 'User' does not exist on type 'PrismaClient<PrismaClientOptions, never, DefaultArgs>'. Did you mean 'user'?
src/lib/auth.ts(115,51): error TS2551: Property 'User' does not exist on type 'PrismaClient<PrismaClientOptions, never, DefaultArgs>'. Did you mean 'user'?
src/lib/auth.ts(121,34): error TS2551: Property 'User' does not exist on type 'PrismaClient<PrismaClientOptions, never, DefaultArgs>'. Did you mean 'user'?
src/lib/auth.ts(146,45): error TS2551: Property 'User' does not exist on type 'PrismaClient<PrismaClientOptions, never, DefaultArgs>'. Did you mean 'user'?
src/lib/auth.ts(169,54): error TS2551: Property 'RolePermission' does not exist on type 'PrismaClient<PrismaClientOptions, never, DefaultArgs>'. Did you mean 'rolePermission'?
src/lib/auth/role-guard.ts(25,39): error TS2551: Property 'User' does not exist on type 'PrismaClient<PrismaClientOptions, never, DefaultArgs>'. Did you mean 'user'?
src/lib/import-engine/core.ts(106,51): error TS2339: Property 'errors' does not exist on type 'ZodError<unknown>'.
src/lib/import-engine/processor.ts(111,51): error TS2339: Property 'errors' does not exist on type 'ZodError<unknown>'.
src/lib/powerpoint/generator.ts(477,13): error TS2559: Type '{ color: any; }[]' has no properties in common with type 'ShapeFillProps'.
src/lib/powerpoint/generator.ts(490,13): error TS2322: Type 'any[]' is not assignable to type 'string'.
src/lib/powerpoint/generator.ts(503,13): error TS2322: Type 'boolean[]' is not assignable to type 'boolean | undefined'.
src/lib/powerpoint/generator.ts(547,13): error TS2559: Type '{ color: any; }[]' has no properties in common with type 'ShapeFillProps'.
src/lib/powerpoint/generator.ts(553,13): error TS2322: Type 'any[]' is not assignable to type 'string'.
src/lib/powerpoint/generator.ts(559,13): error TS2322: Type 'boolean[]' is not assignable to type 'boolean | undefined'.
src/lib/schemas/import-validation.ts(22,13): error TS2353: Object literal may only specify known properties, and 'invalid_type_error' does not exist in type '{ error?: string | $ZodErrorMap<$ZodIssueInvalidType<unknown>> | undefined; message?: string | undefined; }'.
src/lib/services/payments.ts(130,51): error TS2339: Property 'amount_due' does not exist on type '{ id: string; organization_id: string | null; invoice_number: string; sequential_number: number | null; customer_id: string | null; project_id: string | null; customer_name: string | null; ... 16 more ...; updated_at: Date; }'.
src/lib/services/payments.ts(134,27): error TS2339: Property 'currency' does not exist on type '{ id: string; organization_id: string | null; invoice_number: string; sequential_number: number | null; customer_id: string | null; project_id: string | null; customer_name: string | null; ... 16 more ...; updated_at: Date; }'.
src/lib/services/payments.ts(135,41): error TS2339: Property 'number' does not exist on type '{ id: string; organization_id: string | null; invoice_number: string; sequential_number: number | null; customer_id: string | null; project_id: string | null; customer_name: string | null; ... 16 more ...; updated_at: Date; }'.
src/lib/services/stripe.ts(12,5): error TS2322: Type '"2024-12-18.acacia"' is not assignable to type '"2025-11-17.clover"'.
src/lib/stripe.ts(4,5): error TS2322: Type '"2024-11-20.acacia"' is not assignable to type '"2025-11-17.clover"'.
supabase/functions/catastro-proxy/index.ts(1,23): error TS2307: Cannot find module 'https://deno.land/std@0.177.0/http/server.ts' or its corresponding type declarations.
supabase/functions/catastro-proxy/index.ts(2,27): error TS2307: Cannot find module 'npm:fast-xml-parser' or its corresponding type declarations.
supabase/functions/catastro-proxy/index.ts(72,14): error TS7006: Parameter 'req' implicitly has an 'any' type.
test-catastro.ts(1,10): error TS2724: '"./src/lib/services/catastro"' has no exported member named 'getCadastralData'. Did you mean 'fetchCadastralData'?
